<?xml version="1.0" encoding="UTF-8" ?>
<testsuite errors="0" failures="0" hostname="ashahab-PC" name="edu.cmu.square.server.dao.implementation.HbnTermDaoTest" tests="4" time="11.77" timestamp="2009-08-28T12:43:12">
  <properties>
[...]
</properties>
  <testcase classname="edu.cmu.square.server.dao.implementation.HbnTermDaoTest" name="testAddTermToProject" time="0.931"></testcase>
  <testcase classname="edu.cmu.square.server.dao.implementation.HbnTermDaoTest" name="testRemoveTermToProject" time="0.36"></testcase>
  <testcase classname="edu.cmu.square.server.dao.implementation.HbnTermDaoTest" name="testUpdateTermToProject" time="0.312"></testcase>
  <testcase classname="edu.cmu.square.server.dao.implementation.HbnTermDaoTest" name="testgetTermByProjectTest" time="0.362"></testcase>
  <system-out><![CDATA[ INFO [main] (TestContextManager.java:167) - @TestExecutionListeners is not present for class [class edu.cmu.square.server.dao.implementation.HbnTermDaoTest]: using defaults.
 INFO [main] (XmlBeanDefinitionReader.java:323) - Loading XML bean definitions from file [C:\Users\kaalpurush\workspace\SquareGwt\src\applicationContext-hibernate.xml]
 INFO [main] (XmlBeanDefinitionReader.java:323) - Loading XML bean definitions from file [C:\Users\kaalpurush\workspace\SquareGwt\src\applicationContext-jdbc.xml]
 INFO [main] (AbstractApplicationContext.java:411) - Refreshing org.springframework.context.support.GenericApplicationContext@1cdeff: display name [org.springframework.context.support.GenericApplicationContext@1cdeff]; startup date [Fri Aug 28 08:43:14 EDT 2009]; root of context hierarchy
 INFO [main] (AbstractApplicationContext.java:426) - Bean factory for application context [org.springframework.context.support.GenericApplicationContext@1cdeff]: org.springframework.beans.factory.support.DefaultListableBeanFactory@11671b2
 INFO [main] (PropertiesLoaderSupport.java:178) - Loading properties file from class path resource [square.properties]
 INFO [main] (DefaultListableBeanFactory.java:414) - Pre-instantiating singletons in org.springframework.beans.factory.support.DefaultListableBeanFactory@11671b2: defining beans [org.springframework.context.annotation.internalPersistenceAnnotationProcessor,org.springframework.context.annotation.internalCommonAnnotationProcessor,org.springframework.context.annotation.internalAutowiredAnnotationProcessor,org.springframework.context.annotation.internalRequiredAnnotationProcessor,authorizationAspect,exceptionAspect,chooseProjectBusinessImpl,exportBusinessImpl,logInBusinessImpl,manageProjectBusinessImpl,manageSiteBusinessImpl,stepBusinessImpl,uploadRequirementsBusinessImpl,agreeOnDefinitionsBusinessImpl,categorizeRequirementsBusinessImpl,collectArtifactsBusinessImpl,elicitationTechniqueBusinessImpl,elicitRequirementsBusinessImpl,identifyGoalsAssetsBusinessImpl,inspectionTechniqueBusinessImpl,prioritizeRequirementBusinessImpl,riskAssessmentBusinessImpl,hbnArtifactDao,hbnAssetDao,hbnCategoryDao,hbnGoalDao,hbnInspectionTechniqueDao,hbnProjectDao,hbnProjectStepDao,hbnRequirementDao,hbnRiskDao,hbnRoleDao,hbnStepDao,hbnTechniqueDao,hbnTechniqueEvaluationCriteriaDao,hbnTechniqueEvaluationDao,hbnTermDao,hbnUserAhpDao,hbnUserDao,hbnUserProjectRoleDao,appPropertiesServiceImpl,chooseProjectServiceImpl,LogInService,manageProjectServiceImpl,manageSiteServiceImpl,stepServiceImpl,agreeOnDefinitionsServiceImpl,categorizeRequirementsServiceImpl,collectArtifactsServiceImpl,elicitationTechniqueServiceImpl,elicitRequirementServiceImpl,identifyGoalsAssetsServiceImpl,inspectionTechniqueServiceImpl,prioritizeRequirementsServiceImpl,riskAssessmentServiceImpl,xmlExportServlet,org.springframework.aop.config.internalAutoProxyCreator,org.springframework.transaction.annotation.AnnotationTransactionAttributeSource#0,org.springframework.transaction.interceptor.TransactionInterceptor#0,org.springframework.transaction.config.internalTransactionAdvisor,transactionManager,sessionFactory,mailSender,resetPasswordTemplateEmail,userCreatedMessage,velocityEngine,org.springframework.beans.factory.config.PropertyPlaceholderConfigurer#0,dataSource]; root of factory hierarchy
 INFO [main] (DriverManagerDataSource.java:155) - Loaded JDBC driver: com.mysql.jdbc.Driver
 INFO [main] (LocalSessionFactoryBean.java:730) - Building new Hibernate SessionFactory
 INFO [main] (CommonsLoggingLogSystem.java:49) - LogSystem has been deprecated. Please use a LogChute implementation.
 INFO [main] (HibernateTransactionManager.java:421) - Using DataSource [org.springframework.jdbc.datasource.DriverManagerDataSource@6ac615] of Hibernate SessionFactory for HibernateTransactionManager
 INFO [main] (TransactionalTestExecutionListener.java:259) - Began transaction (1): transaction manager [org.springframework.orm.hibernate3.HibernateTransactionManager@1bd669d]; rollback [true]
Hibernate: insert into user (date_created, date_modified, department, email, full_name, isAdmin, location, locked, organization, password, phone, username) values (?, ?, ?, ?, ?, ?, ?, ?, ?, ?, ?, ?)
Hibernate: insert into project (date_created, date_modified, inspectionStatus, inspectionId, lead_requirements_engineer, lite, name, privacy, ptid, privacyTechniqueRationale, security, stid, securityTechniqueRationale) values (?, ?, ?, ?, ?, ?, ?, ?, ?, ?, ?, ?, ?)
Hibernate: insert into user (date_created, date_modified, department, email, full_name, isAdmin, location, locked, organization, password, phone, username) values (?, ?, ?, ?, ?, ?, ?, ?, ?, ?, ?, ?)
Hibernate: select role0_.id as id11_, role0_.date_created as date2_11_, role0_.date_modified as date3_11_, role0_.description as descript4_11_, role0_.name as name11_ from role role0_ where role0_.name=?
Hibernate: insert into term (date_created, date_modified, definition, pid, term) values (?, ?, ?, ?, ?)
Hibernate: insert into term (date_created, date_modified, definition, pid, term) values (?, ?, ?, ?, ?)
Hibernate: select terms1_.id as id15_, terms1_.date_created as date2_15_, terms1_.date_modified as date3_15_, terms1_.definition as definition15_, terms1_.pid as pid15_, terms1_.term as term15_ from project project0_ inner join term terms1_ on project0_.id=terms1_.pid where project0_.id=?
 INFO [main] (TransactionalTestExecutionListener.java:279) - Rolled back transaction after test execution for test context [[TestContext@2e6c66 testClass = HbnTermDaoTest, locations = array<String>['classpath:applicationContext*.xml'], testInstance = edu.cmu.square.server.dao.implementation.HbnTermDaoTest@1ced821, testMethod = testAddTermToProject@HbnTermDaoTest, testException = [null]]]
 INFO [main] (TransactionalTestExecutionListener.java:259) - Began transaction (2): transaction manager [org.springframework.orm.hibernate3.HibernateTransactionManager@1bd669d]; rollback [true]
Hibernate: insert into user (date_created, date_modified, department, email, full_name, isAdmin, location, locked, organization, password, phone, username) values (?, ?, ?, ?, ?, ?, ?, ?, ?, ?, ?, ?)
Hibernate: insert into project (date_created, date_modified, inspectionStatus, inspectionId, lead_requirements_engineer, lite, name, privacy, ptid, privacyTechniqueRationale, security, stid, securityTechniqueRationale) values (?, ?, ?, ?, ?, ?, ?, ?, ?, ?, ?, ?, ?)
Hibernate: insert into user (date_created, date_modified, department, email, full_name, isAdmin, location, locked, organization, password, phone, username) values (?, ?, ?, ?, ?, ?, ?, ?, ?, ?, ?, ?)
Hibernate: select role0_.id as id11_, role0_.date_created as date2_11_, role0_.date_modified as date3_11_, role0_.description as descript4_11_, role0_.name as name11_ from role role0_ where role0_.name=?
Hibernate: insert into term (date_created, date_modified, definition, pid, term) values (?, ?, ?, ?, ?)
Hibernate: insert into term (date_created, date_modified, definition, pid, term) values (?, ?, ?, ?, ?)
Hibernate: select terms1_.id as id15_, terms1_.date_created as date2_15_, terms1_.date_modified as date3_15_, terms1_.definition as definition15_, terms1_.pid as pid15_, terms1_.term as term15_ from project project0_ inner join term terms1_ on project0_.id=terms1_.pid where project0_.id=?
Hibernate: delete from term where id=?
Hibernate: select terms1_.id as id15_, terms1_.date_created as date2_15_, terms1_.date_modified as date3_15_, terms1_.definition as definition15_, terms1_.pid as pid15_, terms1_.term as term15_ from project project0_ inner join term terms1_ on project0_.id=terms1_.pid where project0_.id=?
Hibernate: delete from term where id=?
Hibernate: select terms1_.id as id15_, terms1_.date_created as date2_15_, terms1_.date_modified as date3_15_, terms1_.definition as definition15_, terms1_.pid as pid15_, terms1_.term as term15_ from project project0_ inner join term terms1_ on project0_.id=terms1_.pid where project0_.id=?
 INFO [main] (TransactionalTestExecutionListener.java:279) - Rolled back transaction after test execution for test context [[TestContext@2e6c66 testClass = HbnTermDaoTest, locations = array<String>['classpath:applicationContext*.xml'], testInstance = edu.cmu.square.server.dao.implementation.HbnTermDaoTest@73bc22, testMethod = testRemoveTermToProject@HbnTermDaoTest, testException = [null]]]
 INFO [main] (TransactionalTestExecutionListener.java:259) - Began transaction (3): transaction manager [org.springframework.orm.hibernate3.HibernateTransactionManager@1bd669d]; rollback [true]
Hibernate: insert into user (date_created, date_modified, department, email, full_name, isAdmin, location, locked, organization, password, phone, username) values (?, ?, ?, ?, ?, ?, ?, ?, ?, ?, ?, ?)
Hibernate: insert into project (date_created, date_modified, inspectionStatus, inspectionId, lead_requirements_engineer, lite, name, privacy, ptid, privacyTechniqueRationale, security, stid, securityTechniqueRationale) values (?, ?, ?, ?, ?, ?, ?, ?, ?, ?, ?, ?, ?)
Hibernate: insert into user (date_created, date_modified, department, email, full_name, isAdmin, location, locked, organization, password, phone, username) values (?, ?, ?, ?, ?, ?, ?, ?, ?, ?, ?, ?)
Hibernate: select role0_.id as id11_, role0_.date_created as date2_11_, role0_.date_modified as date3_11_, role0_.description as descript4_11_, role0_.name as name11_ from role role0_ where role0_.name=?
Hibernate: insert into term (date_created, date_modified, definition, pid, term) values (?, ?, ?, ?, ?)
Hibernate: insert into term (date_created, date_modified, definition, pid, term) values (?, ?, ?, ?, ?)
Hibernate: select terms1_.id as id15_, terms1_.date_created as date2_15_, terms1_.date_modified as date3_15_, terms1_.definition as definition15_, terms1_.pid as pid15_, terms1_.term as term15_ from project project0_ inner join term terms1_ on project0_.id=terms1_.pid where project0_.id=?
 INFO [main] (TransactionalTestExecutionListener.java:279) - Rolled back transaction after test execution for test context [[TestContext@2e6c66 testClass = HbnTermDaoTest, locations = array<String>['classpath:applicationContext*.xml'], testInstance = edu.cmu.square.server.dao.implementation.HbnTermDaoTest@1c4a198, testMethod = testUpdateTermToProject@HbnTermDaoTest, testException = [null]]]
 INFO [main] (TransactionalTestExecutionListener.java:259) - Began transaction (4): transaction manager [org.springframework.orm.hibernate3.HibernateTransactionManager@1bd669d]; rollback [true]
Hibernate: insert into user (date_created, date_modified, department, email, full_name, isAdmin, location, locked, organization, password, phone, username) values (?, ?, ?, ?, ?, ?, ?, ?, ?, ?, ?, ?)
Hibernate: insert into project (date_created, date_modified, inspectionStatus, inspectionId, lead_requirements_engineer, lite, name, privacy, ptid, privacyTechniqueRationale, security, stid, securityTechniqueRationale) values (?, ?, ?, ?, ?, ?, ?, ?, ?, ?, ?, ?, ?)
Hibernate: insert into user (date_created, date_modified, department, email, full_name, isAdmin, location, locked, organization, password, phone, username) values (?, ?, ?, ?, ?, ?, ?, ?, ?, ?, ?, ?)
Hibernate: select role0_.id as id11_, role0_.date_created as date2_11_, role0_.date_modified as date3_11_, role0_.description as descript4_11_, role0_.name as name11_ from role role0_ where role0_.name=?
Hibernate: insert into term (date_created, date_modified, definition, pid, term) values (?, ?, ?, ?, ?)
Hibernate: insert into term (date_created, date_modified, definition, pid, term) values (?, ?, ?, ?, ?)
Hibernate: insert into term (date_created, date_modified, definition, pid, term) values (?, ?, ?, ?, ?)
Hibernate: select terms1_.id as id15_, terms1_.date_created as date2_15_, terms1_.date_modified as date3_15_, terms1_.definition as definition15_, terms1_.pid as pid15_, terms1_.term as term15_ from project project0_ inner join term terms1_ on project0_.id=terms1_.pid where project0_.id=?
 INFO [main] (TransactionalTestExecutionListener.java:279) - Rolled back transaction after test execution for test context [[TestContext@2e6c66 testClass = HbnTermDaoTest, locations = array<String>['classpath:applicationContext*.xml'], testInstance = edu.cmu.square.server.dao.implementation.HbnTermDaoTest@395aaf, testMethod = testgetTermByProjectTest@HbnTermDaoTest, testException = [null]]]
]]></system-out>
  <system-err><![CDATA[168 [main] INFO org.hibernate.cfg.annotations.Version - Hibernate Annotations 3.4.0.GA
188 [main] INFO org.hibernate.cfg.Environment - Hibernate 3.3.1.GA
193 [main] INFO org.hibernate.cfg.Environment - hibernate.properties not found
198 [main] INFO org.hibernate.cfg.Environment - Bytecode provider name : javassist
203 [main] INFO org.hibernate.cfg.Environment - using JDK 1.4 java.sql.Timestamp handling
326 [main] INFO org.hibernate.annotations.common.Version - Hibernate Commons Annotations 3.1.0.GA
510 [main] INFO org.hibernate.cfg.AnnotationBinder - Binding entity from annotated class: edu.cmu.square.server.dao.model.Artifact
575 [main] INFO org.hibernate.cfg.annotations.EntityBinder - Bind entity edu.cmu.square.server.dao.model.Artifact on table artifact
733 [main] INFO org.hibernate.cfg.AnnotationBinder - Binding entity from annotated class: edu.cmu.square.server.dao.model.Asset
733 [main] INFO org.hibernate.cfg.annotations.EntityBinder - Bind entity edu.cmu.square.server.dao.model.Asset on table asset
738 [main] INFO org.hibernate.cfg.AnnotationBinder - Binding entity from annotated class: edu.cmu.square.server.dao.model.Category
739 [main] INFO org.hibernate.cfg.annotations.EntityBinder - Bind entity edu.cmu.square.server.dao.model.Category on table category
743 [main] INFO org.hibernate.cfg.AnnotationBinder - Binding entity from annotated class: edu.cmu.square.server.dao.model.EvaluationCriteria
743 [main] INFO org.hibernate.cfg.annotations.EntityBinder - Bind entity edu.cmu.square.server.dao.model.EvaluationCriteria on table evaluation_criteria
747 [main] INFO org.hibernate.cfg.AnnotationBinder - Binding entity from annotated class: edu.cmu.square.server.dao.model.Goal
747 [main] INFO org.hibernate.cfg.annotations.EntityBinder - Bind entity edu.cmu.square.server.dao.model.Goal on table goal
754 [main] INFO org.hibernate.cfg.AnnotationBinder - Binding entity from annotated class: edu.cmu.square.server.dao.model.GoalType
754 [main] INFO org.hibernate.cfg.annotations.EntityBinder - Bind entity edu.cmu.square.server.dao.model.GoalType on table goal_type
762 [main] INFO org.hibernate.cfg.AnnotationBinder - Binding entity from annotated class: edu.cmu.square.server.dao.model.InspectionTechnique
762 [main] INFO org.hibernate.cfg.annotations.EntityBinder - Bind entity edu.cmu.square.server.dao.model.InspectionTechnique on table inspection_technique
765 [main] INFO org.hibernate.cfg.AnnotationBinder - Binding entity from annotated class: edu.cmu.square.server.dao.model.Project
765 [main] INFO org.hibernate.cfg.annotations.EntityBinder - Bind entity edu.cmu.square.server.dao.model.Project on table project
784 [main] INFO org.hibernate.cfg.AnnotationBinder - Binding entity from annotated class: edu.cmu.square.server.dao.model.ProjectStep
785 [main] INFO org.hibernate.cfg.annotations.EntityBinder - Bind entity edu.cmu.square.server.dao.model.ProjectStep on table project_step
807 [main] INFO org.hibernate.cfg.AnnotationBinder - Binding entity from annotated class: edu.cmu.square.server.dao.model.Requirement
808 [main] INFO org.hibernate.cfg.annotations.EntityBinder - Bind entity edu.cmu.square.server.dao.model.Requirement on table requirement
823 [main] INFO org.hibernate.cfg.AnnotationBinder - Binding entity from annotated class: edu.cmu.square.server.dao.model.Risk
823 [main] INFO org.hibernate.cfg.annotations.EntityBinder - Bind entity edu.cmu.square.server.dao.model.Risk on table risk
833 [main] INFO org.hibernate.cfg.AnnotationBinder - Binding entity from annotated class: edu.cmu.square.server.dao.model.Role
833 [main] INFO org.hibernate.cfg.annotations.EntityBinder - Bind entity edu.cmu.square.server.dao.model.Role on table role
838 [main] INFO org.hibernate.cfg.AnnotationBinder - Binding entity from annotated class: edu.cmu.square.server.dao.model.Step
838 [main] INFO org.hibernate.cfg.annotations.EntityBinder - Bind entity edu.cmu.square.server.dao.model.Step on table step
843 [main] INFO org.hibernate.cfg.AnnotationBinder - Binding entity from annotated class: edu.cmu.square.server.dao.model.Technique
843 [main] INFO org.hibernate.cfg.annotations.EntityBinder - Bind entity edu.cmu.square.server.dao.model.Technique on table technique
849 [main] INFO org.hibernate.cfg.AnnotationBinder - Binding entity from annotated class: edu.cmu.square.server.dao.model.TechniqueEvaluationCriteria
849 [main] INFO org.hibernate.cfg.annotations.EntityBinder - Bind entity edu.cmu.square.server.dao.model.TechniqueEvaluationCriteria on table technique_evaluation_criteria
853 [main] INFO org.hibernate.cfg.AnnotationBinder - Binding entity from annotated class: edu.cmu.square.server.dao.model.Term
853 [main] INFO org.hibernate.cfg.annotations.EntityBinder - Bind entity edu.cmu.square.server.dao.model.Term on table term
856 [main] INFO org.hibernate.cfg.AnnotationBinder - Binding entity from annotated class: edu.cmu.square.server.dao.model.User
856 [main] INFO org.hibernate.cfg.annotations.EntityBinder - Bind entity edu.cmu.square.server.dao.model.User on table user
866 [main] INFO org.hibernate.cfg.AnnotationBinder - Binding entity from annotated class: edu.cmu.square.server.dao.model.UserAhp
866 [main] INFO org.hibernate.cfg.annotations.EntityBinder - Bind entity edu.cmu.square.server.dao.model.UserAhp on table user_ahp
870 [main] INFO org.hibernate.cfg.AnnotationBinder - Binding entity from annotated class: edu.cmu.square.server.dao.model.UserProjectRole
870 [main] INFO org.hibernate.cfg.annotations.EntityBinder - Bind entity edu.cmu.square.server.dao.model.UserProjectRole on table user_project_role
978 [main] INFO org.hibernate.cfg.annotations.CollectionBinder - Mapping collection: edu.cmu.square.server.dao.model.GoalType.goals -> goal
978 [main] INFO org.hibernate.cfg.annotations.CollectionBinder - Mapping collection: edu.cmu.square.server.dao.model.Project.artifacts -> artifact
978 [main] INFO org.hibernate.cfg.annotations.CollectionBinder - Mapping collection: edu.cmu.square.server.dao.model.Project.assets -> asset
978 [main] INFO org.hibernate.cfg.annotations.CollectionBinder - Mapping collection: edu.cmu.square.server.dao.model.Project.categories -> category
978 [main] INFO org.hibernate.cfg.annotations.CollectionBinder - Mapping collection: edu.cmu.square.server.dao.model.Project.goals -> goal
978 [main] INFO org.hibernate.cfg.annotations.CollectionBinder - Mapping collection: edu.cmu.square.server.dao.model.Project.inspectionTechniques -> inspection_technique
978 [main] INFO org.hibernate.cfg.annotations.CollectionBinder - Mapping collection: edu.cmu.square.server.dao.model.Project.requirements -> requirement
979 [main] INFO org.hibernate.cfg.annotations.CollectionBinder - Mapping collection: edu.cmu.square.server.dao.model.Project.risks -> risk
979 [main] INFO org.hibernate.cfg.annotations.CollectionBinder - Mapping collection: edu.cmu.square.server.dao.model.Project.techniqueEvaluations -> evaluation_criteria
979 [main] INFO org.hibernate.cfg.annotations.CollectionBinder - Mapping collection: edu.cmu.square.server.dao.model.Project.techniques -> technique
979 [main] INFO org.hibernate.cfg.annotations.CollectionBinder - Mapping collection: edu.cmu.square.server.dao.model.Project.terms -> term
979 [main] INFO org.hibernate.cfg.annotations.CollectionBinder - Mapping collection: edu.cmu.square.server.dao.model.Requirement.userAhpsForRidA -> user_ahp
979 [main] INFO org.hibernate.cfg.annotations.CollectionBinder - Mapping collection: edu.cmu.square.server.dao.model.Requirement.userAhpsForRidB -> user_ahp
980 [main] INFO org.hibernate.cfg.annotations.CollectionBinder - Mapping collection: edu.cmu.square.server.dao.model.Step.projectSteps -> project_step
980 [main] INFO org.hibernate.cfg.annotations.CollectionBinder - Mapping collection: edu.cmu.square.server.dao.model.User.userAhps -> user_ahp
991 [main] INFO org.hibernate.cfg.AnnotationConfiguration - Hibernate Validator not found: ignoring
998 [main] INFO org.hibernate.cfg.search.HibernateSearchEventListenerRegister - Unable to find org.hibernate.search.event.FullTextIndexEventListener on the classpath. Hibernate Search is not enabled.
1062 [main] INFO org.hibernate.connection.ConnectionProviderFactory - Initializing connection provider: org.springframework.orm.hibernate3.LocalDataSourceConnectionProvider
1689 [main] INFO org.hibernate.cfg.SettingsFactory - RDBMS: MySQL, version: 5.0.67-community-nt
1689 [main] INFO org.hibernate.cfg.SettingsFactory - JDBC driver: MySQL-AB JDBC Driver, version: mysql-connector-java-5.1.7 ( Revision: ${svn.Revision} )
1716 [main] INFO org.hibernate.dialect.Dialect - Using dialect: org.hibernate.dialect.MySQL5InnoDBDialect
1722 [main] INFO org.hibernate.transaction.TransactionFactoryFactory - Transaction strategy: org.springframework.orm.hibernate3.SpringTransactionFactory
1723 [main] INFO org.hibernate.transaction.TransactionManagerLookupFactory - No TransactionManagerLookup configured (in JTA environment, use of read-write or transactional second-level cache is not recommended)
1723 [main] INFO org.hibernate.cfg.SettingsFactory - Automatic flush during beforeCompletion(): disabled
1724 [main] INFO org.hibernate.cfg.SettingsFactory - Automatic session close at end of transaction: disabled
1724 [main] INFO org.hibernate.cfg.SettingsFactory - JDBC batch size: 15
1724 [main] INFO org.hibernate.cfg.SettingsFactory - JDBC batch updates for versioned data: disabled
1724 [main] INFO org.hibernate.cfg.SettingsFactory - Scrollable result sets: enabled
1724 [main] INFO org.hibernate.cfg.SettingsFactory - JDBC3 getGeneratedKeys(): enabled
1725 [main] INFO org.hibernate.cfg.SettingsFactory - Connection release mode: auto
1725 [main] INFO org.hibernate.cfg.SettingsFactory - Maximum outer join fetch depth: 2
1725 [main] INFO org.hibernate.cfg.SettingsFactory - Default batch fetch size: 1
1726 [main] INFO org.hibernate.cfg.SettingsFactory - Generate SQL with comments: disabled
1726 [main] INFO org.hibernate.cfg.SettingsFactory - Order SQL updates by primary key: disabled
1726 [main] INFO org.hibernate.cfg.SettingsFactory - Order SQL inserts for batching: disabled
1726 [main] INFO org.hibernate.cfg.SettingsFactory - Query translator: org.hibernate.hql.ast.ASTQueryTranslatorFactory
1728 [main] INFO org.hibernate.hql.ast.ASTQueryTranslatorFactory - Using ASTQueryTranslatorFactory
1728 [main] INFO org.hibernate.cfg.SettingsFactory - Query language substitutions: {}
1728 [main] INFO org.hibernate.cfg.SettingsFactory - JPA-QL strict compliance: disabled
1728 [main] INFO org.hibernate.cfg.SettingsFactory - Second-level cache: enabled
1728 [main] INFO org.hibernate.cfg.SettingsFactory - Query cache: disabled
1728 [main] INFO org.hibernate.cfg.SettingsFactory - Cache region factory : org.hibernate.cache.impl.NoCachingRegionFactory
1729 [main] INFO org.hibernate.cfg.SettingsFactory - Optimize cache for minimal puts: disabled
1729 [main] INFO org.hibernate.cfg.SettingsFactory - Structured second-level cache entries: disabled
1736 [main] INFO org.hibernate.cfg.SettingsFactory - Echoing all SQL to stdout
1737 [main] INFO org.hibernate.cfg.SettingsFactory - Statistics: disabled
1737 [main] INFO org.hibernate.cfg.SettingsFactory - Deleted entity synthetic identifier rollback: disabled
1737 [main] INFO org.hibernate.cfg.SettingsFactory - Default entity-mode: pojo
1737 [main] INFO org.hibernate.cfg.SettingsFactory - Named query checking : enabled
1999 [main] INFO org.hibernate.impl.SessionFactoryImpl - building session factory
2855 [main] INFO org.hibernate.impl.SessionFactoryObjectFactory - Not binding factory to JNDI, no JNDI name configured
]]></system-err>
</testsuite>
