<?xml version="1.0" encoding="UTF-8" ?>
<testsuite errors="0" failures="0" hostname="ashahab-PC" name="edu.cmu.square.server.business.implementation.CategorizeRequirementsBusinessImplTest" tests="9" time="113.889" timestamp="2009-09-05T14:35:03">
  <properties>
[...]
</properties>
  <testcase classname="edu.cmu.square.server.business.implementation.CategorizeRequirementsBusinessImplTest" name="testAddCategoryDuplicateName" time="10.722"></testcase>
  <testcase classname="edu.cmu.square.server.business.implementation.CategorizeRequirementsBusinessImplTest" name="testAddCategory" time="10.028"></testcase>
  <testcase classname="edu.cmu.square.server.business.implementation.CategorizeRequirementsBusinessImplTest" name="testGetCategories" time="10.34"></testcase>
  <testcase classname="edu.cmu.square.server.business.implementation.CategorizeRequirementsBusinessImplTest" name="testRemoveCategory" time="10.255"></testcase>
  <testcase classname="edu.cmu.square.server.business.implementation.CategorizeRequirementsBusinessImplTest" name="testUpdateCategory" time="15.165"></testcase>
  <testcase classname="edu.cmu.square.server.business.implementation.CategorizeRequirementsBusinessImplTest" name="testMergeCategories" time="10.461"></testcase>
  <testcase classname="edu.cmu.square.server.business.implementation.CategorizeRequirementsBusinessImplTest" name="testAddCategoryToRequirements" time="9.875"></testcase>
  <testcase classname="edu.cmu.square.server.business.implementation.CategorizeRequirementsBusinessImplTest" name="testRemoveCategoryFromRequirements" time="9.572"></testcase>
  <testcase classname="edu.cmu.square.server.business.implementation.CategorizeRequirementsBusinessImplTest" name="testGetCategoriesWithCount" time="11.742"></testcase>
  <system-out><![CDATA[ INFO [main] (TestContextManager.java:167) - @TestExecutionListeners is not present for class [class edu.cmu.square.server.business.implementation.CategorizeRequirementsBusinessImplTest]: using defaults.
 INFO [main] (XmlBeanDefinitionReader.java:323) - Loading XML bean definitions from file [C:\Users\kaalpurush\workspace\SquareGwt\src\applicationContext-hibernate.xml]
 INFO [main] (XmlBeanDefinitionReader.java:323) - Loading XML bean definitions from file [C:\Users\kaalpurush\workspace\SquareGwt\src\applicationContext-jdbc.xml]
 INFO [main] (AbstractApplicationContext.java:411) - Refreshing org.springframework.context.support.GenericApplicationContext@19b1de: display name [org.springframework.context.support.GenericApplicationContext@19b1de]; startup date [Sat Sep 05 07:35:05 PDT 2009]; root of context hierarchy
 INFO [main] (AbstractApplicationContext.java:426) - Bean factory for application context [org.springframework.context.support.GenericApplicationContext@19b1de]: org.springframework.beans.factory.support.DefaultListableBeanFactory@1554d32
 INFO [main] (PropertiesLoaderSupport.java:178) - Loading properties file from class path resource [square.properties]
 INFO [main] (DefaultListableBeanFactory.java:414) - Pre-instantiating singletons in org.springframework.beans.factory.support.DefaultListableBeanFactory@1554d32: defining beans [org.springframework.context.annotation.internalPersistenceAnnotationProcessor,org.springframework.context.annotation.internalCommonAnnotationProcessor,org.springframework.context.annotation.internalAutowiredAnnotationProcessor,org.springframework.context.annotation.internalRequiredAnnotationProcessor,authorizationAspect,exceptionAspect,chooseProjectBusinessImpl,exportBusinessImpl,logInBusinessImpl,manageProjectBusinessImpl,manageSiteBusinessImpl,stepBusinessImpl,uploadRequirementsBusinessImpl,agreeOnDefinitionsBusinessImpl,categorizeRequirementsBusinessImpl,collectArtifactsBusinessImpl,elicitationTechniqueBusinessImpl,elicitRequirementsBusinessImpl,identifyGoalsAssetsBusinessImpl,inspectionTechniqueBusinessImpl,prioritizeRequirementBusinessImpl,riskAssessmentBusinessImpl,hbnArtifactDao,hbnAssetDao,hbnCategoryDao,hbnGoalDao,hbnInspectionTechniqueDao,hbnProjectDao,hbnProjectStepDao,hbnRequirementDao,hbnRiskDao,hbnRoleDao,hbnStepDao,hbnTechniqueDao,hbnTechniqueEvaluationCriteriaDao,hbnTechniqueEvaluationDao,hbnTermDao,hbnUserAhpDao,hbnUserDao,hbnUserProjectRoleDao,appPropertiesServiceImpl,chooseProjectServiceImpl,LogInService,manageProjectServiceImpl,manageSiteServiceImpl,stepServiceImpl,agreeOnDefinitionsServiceImpl,categorizeRequirementsServiceImpl,collectArtifactsServiceImpl,elicitationTechniqueServiceImpl,elicitRequirementServiceImpl,identifyGoalsAssetsServiceImpl,inspectionTechniqueServiceImpl,prioritizeRequirementsServiceImpl,riskAssessmentServiceImpl,xmlExportServlet,org.springframework.aop.config.internalAutoProxyCreator,org.springframework.transaction.annotation.AnnotationTransactionAttributeSource#0,org.springframework.transaction.interceptor.TransactionInterceptor#0,org.springframework.transaction.config.internalTransactionAdvisor,transactionManager,sessionFactory,mailSender,resetPasswordTemplateEmail,userCreatedMessage,velocityEngine,org.springframework.beans.factory.config.PropertyPlaceholderConfigurer#0,dataSource]; root of factory hierarchy
 INFO [main] (DriverManagerDataSource.java:155) - Loaded JDBC driver: com.mysql.jdbc.Driver
 INFO [main] (LocalSessionFactoryBean.java:730) - Building new Hibernate SessionFactory
 INFO [main] (CommonsLoggingLogSystem.java:49) - LogSystem has been deprecated. Please use a LogChute implementation.
 INFO [main] (HibernateTransactionManager.java:421) - Using DataSource [org.springframework.jdbc.datasource.DriverManagerDataSource@aa559d] of Hibernate SessionFactory for HibernateTransactionManager
 INFO [main] (TransactionalTestExecutionListener.java:259) - Began transaction (1): transaction manager [org.springframework.orm.hibernate3.HibernateTransactionManager@5ebac9]; rollback [true]
Hibernate: insert into user (date_created, date_modified, department, email, full_name, isAdmin, location, locked, organization, password, phone, username) values (?, ?, ?, ?, ?, ?, ?, ?, ?, ?, ?, ?)
Hibernate: insert into project (date_created, date_modified, inspectionStatus, inspectionId, lead_requirements_engineer, lite, name, privacy, ptid, privacyTechniqueRationale, security, stid, securityTechniqueRationale) values (?, ?, ?, ?, ?, ?, ?, ?, ?, ?, ?, ?, ?)
Hibernate: insert into user (date_created, date_modified, department, email, full_name, isAdmin, location, locked, organization, password, phone, username) values (?, ?, ?, ?, ?, ?, ?, ?, ?, ?, ?, ?)
Hibernate: select role0_.id as id11_, role0_.date_created as date2_11_, role0_.date_modified as date3_11_, role0_.description as descript4_11_, role0_.name as name11_ from role role0_ where role0_.name=?
Hibernate: select role0_.id as id11_, role0_.date_created as date2_11_, role0_.date_modified as date3_11_, role0_.description as descript4_11_, role0_.name as name11_ from role role0_ where role0_.name=?
Hibernate: insert into user_project_role (user_id, project_id, role_id) values (?, ?, ?)
Hibernate: insert into user_project_role (user_id, project_id, role_id) values (?, ?, ?)
Hibernate: insert into risk (currentMeasures, date_created, date_modified, impact, likelihood, plannedMeasures, pid, riskTitle, threatAction, threatSource, vulnerability) values (?, ?, ?, ?, ?, ?, ?, ?, ?, ?, ?)
Hibernate: insert into risk (currentMeasures, date_created, date_modified, impact, likelihood, plannedMeasures, pid, riskTitle, threatAction, threatSource, vulnerability) values (?, ?, ?, ?, ?, ?, ?, ?, ?, ?, ?)
Hibernate: insert into artifact (date_created, date_modified, description, link, name, pid, artifact_version) values (?, ?, ?, ?, ?, ?, ?)
Hibernate: insert into artifact (date_created, date_modified, description, link, name, pid, artifact_version) values (?, ?, ?, ?, ?, ?, ?)
Hibernate: insert into goal (date_created, date_modified, description, type, priority, pid) values (?, ?, ?, ?, ?, ?)
Hibernate: insert into category (date_created, date_modified, label, project_id) values (?, ?, ?, ?)
Hibernate: insert into requirement (date_created, date_modified, description, priority, privacy, pid, security, title) values (?, ?, ?, ?, ?, ?, ?, ?)
Hibernate: insert into risk (currentMeasures, date_created, date_modified, impact, likelihood, plannedMeasures, pid, riskTitle, threatAction, threatSource, vulnerability) values (?, ?, ?, ?, ?, ?, ?, ?, ?, ?, ?)
Hibernate: insert into risk (currentMeasures, date_created, date_modified, impact, likelihood, plannedMeasures, pid, riskTitle, threatAction, threatSource, vulnerability) values (?, ?, ?, ?, ?, ?, ?, ?, ?, ?, ?)
Hibernate: insert into goal (date_created, date_modified, description, type, priority, pid) values (?, ?, ?, ?, ?, ?)
Hibernate: insert into artifact (date_created, date_modified, description, link, name, pid, artifact_version) values (?, ?, ?, ?, ?, ?, ?)
Hibernate: insert into category (date_created, date_modified, label, project_id) values (?, ?, ?, ?)
Hibernate: insert into requirement (date_created, date_modified, description, priority, privacy, pid, security, title) values (?, ?, ?, ?, ?, ?, ?, ?)
 INFO [main] (AuthorizationAspect.java:62) - User name: coconut
 INFO [main] (AuthorizationAspect.java:63) - Project name: TestManageProject0.037260274616673805
Hibernate: select user0_.id as id16_, user0_.date_created as date2_16_, user0_.date_modified as date3_16_, user0_.department as department16_, user0_.email as email16_, user0_.full_name as full6_16_, user0_.isAdmin as isAdmin16_, user0_.location as location16_, user0_.locked as locked16_, user0_.organization as organiz10_16_, user0_.password as password16_, user0_.phone as phone16_, user0_.username as username16_ from user user0_ where user0_.username=?
 INFO [main] (AuthorizationAspect.java:75) - allowedRoles: [Lead_Requirements_Engineer]
Hibernate: insert into requirement_artifact (requirement_id, artifact_id) values (?, ?)
Hibernate: insert into requirement_artifact (requirement_id, artifact_id) values (?, ?)
Hibernate: insert into requirement_category (requirement_id, category_id) values (?, ?)
Hibernate: insert into requirement_goal (requirement_id, goal_id) values (?, ?)
Hibernate: insert into requirement_risk (reqid, tid) values (?, ?)
Hibernate: insert into requirement_risk (reqid, tid) values (?, ?)
Hibernate: insert into requirement_artifact (requirement_id, artifact_id) values (?, ?)
Hibernate: insert into requirement_category (requirement_id, category_id) values (?, ?)
Hibernate: insert into requirement_goal (requirement_id, goal_id) values (?, ?)
Hibernate: insert into requirement_risk (reqid, tid) values (?, ?)
Hibernate: insert into requirement_risk (reqid, tid) values (?, ?)
Hibernate: select role1_.id as id11_, role1_.date_created as date2_11_, role1_.date_modified as date3_11_, role1_.description as descript4_11_, role1_.name as name11_ from user_project_role userprojec0_ inner join role role1_ on userprojec0_.role_id=role1_.id, user user2_, project project3_ where userprojec0_.user_id=user2_.id and userprojec0_.project_id=project3_.id and user2_.username=? and project3_.name=?
 INFO [main] (AuthorizationAspect.java:97) - user roles [Lead Requirements Engineer, Administrator]
 INFO [main] (AuthorizationAspect.java:115) - Aspect triggered expired from aspect:false execution(addCategory)
Hibernate: select category0_.id as id2_, category0_.date_created as date2_2_, category0_.date_modified as date3_2_, category0_.label as label2_, category0_.project_id as project5_2_ from category category0_ where category0_.label=? and category0_.project_id=?
 INFO [main] (TransactionalTestExecutionListener.java:279) - Rolled back transaction after test execution for test context [[TestContext@992725 testClass = CategorizeRequirementsBusinessImplTest, locations = array<String>['classpath:applicationContext*.xml'], testInstance = edu.cmu.square.server.business.implementation.CategorizeRequirementsBusinessImplTest@d91987, testMethod = testAddCategoryDuplicateName@CategorizeRequirementsBusinessImplTest, testException = [null]]]
 INFO [main] (TransactionalTestExecutionListener.java:259) - Began transaction (2): transaction manager [org.springframework.orm.hibernate3.HibernateTransactionManager@5ebac9]; rollback [true]
Hibernate: insert into user (date_created, date_modified, department, email, full_name, isAdmin, location, locked, organization, password, phone, username) values (?, ?, ?, ?, ?, ?, ?, ?, ?, ?, ?, ?)
Hibernate: insert into project (date_created, date_modified, inspectionStatus, inspectionId, lead_requirements_engineer, lite, name, privacy, ptid, privacyTechniqueRationale, security, stid, securityTechniqueRationale) values (?, ?, ?, ?, ?, ?, ?, ?, ?, ?, ?, ?, ?)
Hibernate: insert into user (date_created, date_modified, department, email, full_name, isAdmin, location, locked, organization, password, phone, username) values (?, ?, ?, ?, ?, ?, ?, ?, ?, ?, ?, ?)
Hibernate: select role0_.id as id11_, role0_.date_created as date2_11_, role0_.date_modified as date3_11_, role0_.description as descript4_11_, role0_.name as name11_ from role role0_ where role0_.name=?
Hibernate: select role0_.id as id11_, role0_.date_created as date2_11_, role0_.date_modified as date3_11_, role0_.description as descript4_11_, role0_.name as name11_ from role role0_ where role0_.name=?
Hibernate: insert into user_project_role (user_id, project_id, role_id) values (?, ?, ?)
Hibernate: insert into user_project_role (user_id, project_id, role_id) values (?, ?, ?)
Hibernate: insert into risk (currentMeasures, date_created, date_modified, impact, likelihood, plannedMeasures, pid, riskTitle, threatAction, threatSource, vulnerability) values (?, ?, ?, ?, ?, ?, ?, ?, ?, ?, ?)
Hibernate: insert into risk (currentMeasures, date_created, date_modified, impact, likelihood, plannedMeasures, pid, riskTitle, threatAction, threatSource, vulnerability) values (?, ?, ?, ?, ?, ?, ?, ?, ?, ?, ?)
Hibernate: insert into artifact (date_created, date_modified, description, link, name, pid, artifact_version) values (?, ?, ?, ?, ?, ?, ?)
Hibernate: insert into artifact (date_created, date_modified, description, link, name, pid, artifact_version) values (?, ?, ?, ?, ?, ?, ?)
Hibernate: insert into goal (date_created, date_modified, description, type, priority, pid) values (?, ?, ?, ?, ?, ?)
Hibernate: insert into category (date_created, date_modified, label, project_id) values (?, ?, ?, ?)
Hibernate: insert into requirement (date_created, date_modified, description, priority, privacy, pid, security, title) values (?, ?, ?, ?, ?, ?, ?, ?)
Hibernate: insert into risk (currentMeasures, date_created, date_modified, impact, likelihood, plannedMeasures, pid, riskTitle, threatAction, threatSource, vulnerability) values (?, ?, ?, ?, ?, ?, ?, ?, ?, ?, ?)
Hibernate: insert into risk (currentMeasures, date_created, date_modified, impact, likelihood, plannedMeasures, pid, riskTitle, threatAction, threatSource, vulnerability) values (?, ?, ?, ?, ?, ?, ?, ?, ?, ?, ?)
Hibernate: insert into goal (date_created, date_modified, description, type, priority, pid) values (?, ?, ?, ?, ?, ?)
Hibernate: insert into artifact (date_created, date_modified, description, link, name, pid, artifact_version) values (?, ?, ?, ?, ?, ?, ?)
Hibernate: insert into category (date_created, date_modified, label, project_id) values (?, ?, ?, ?)
Hibernate: insert into requirement (date_created, date_modified, description, priority, privacy, pid, security, title) values (?, ?, ?, ?, ?, ?, ?, ?)
 INFO [main] (AuthorizationAspect.java:62) - User name: coconut
 INFO [main] (AuthorizationAspect.java:63) - Project name: TestManageProject0.0025835381368429777
Hibernate: select user0_.id as id16_, user0_.date_created as date2_16_, user0_.date_modified as date3_16_, user0_.department as department16_, user0_.email as email16_, user0_.full_name as full6_16_, user0_.isAdmin as isAdmin16_, user0_.location as location16_, user0_.locked as locked16_, user0_.organization as organiz10_16_, user0_.password as password16_, user0_.phone as phone16_, user0_.username as username16_ from user user0_ where user0_.username=?
 INFO [main] (AuthorizationAspect.java:75) - allowedRoles: [Lead_Requirements_Engineer]
Hibernate: insert into requirement_artifact (requirement_id, artifact_id) values (?, ?)
Hibernate: insert into requirement_artifact (requirement_id, artifact_id) values (?, ?)
Hibernate: insert into requirement_category (requirement_id, category_id) values (?, ?)
Hibernate: insert into requirement_goal (requirement_id, goal_id) values (?, ?)
Hibernate: insert into requirement_risk (reqid, tid) values (?, ?)
Hibernate: insert into requirement_risk (reqid, tid) values (?, ?)
Hibernate: insert into requirement_artifact (requirement_id, artifact_id) values (?, ?)
Hibernate: insert into requirement_category (requirement_id, category_id) values (?, ?)
Hibernate: insert into requirement_goal (requirement_id, goal_id) values (?, ?)
Hibernate: insert into requirement_risk (reqid, tid) values (?, ?)
Hibernate: insert into requirement_risk (reqid, tid) values (?, ?)
Hibernate: select role1_.id as id11_, role1_.date_created as date2_11_, role1_.date_modified as date3_11_, role1_.description as descript4_11_, role1_.name as name11_ from user_project_role userprojec0_ inner join role role1_ on userprojec0_.role_id=role1_.id, user user2_, project project3_ where userprojec0_.user_id=user2_.id and userprojec0_.project_id=project3_.id and user2_.username=? and project3_.name=?
 INFO [main] (AuthorizationAspect.java:97) - user roles [Lead Requirements Engineer, Administrator]
 INFO [main] (AuthorizationAspect.java:115) - Aspect triggered expired from aspect:false execution(addCategory)
Hibernate: select category0_.id as id2_, category0_.date_created as date2_2_, category0_.date_modified as date3_2_, category0_.label as label2_, category0_.project_id as project5_2_ from category category0_ where category0_.label=? and category0_.project_id=?
Hibernate: insert into category (date_created, date_modified, label, project_id) values (?, ?, ?, ?)
Hibernate: select categories1_.id as id2_, categories1_.date_created as date2_2_, categories1_.date_modified as date3_2_, categories1_.label as label2_, categories1_.project_id as project5_2_ from project project0_ inner join category categories1_ on project0_.id=categories1_.project_id where project0_.id=?
 INFO [main] (TransactionalTestExecutionListener.java:279) - Rolled back transaction after test execution for test context [[TestContext@992725 testClass = CategorizeRequirementsBusinessImplTest, locations = array<String>['classpath:applicationContext*.xml'], testInstance = edu.cmu.square.server.business.implementation.CategorizeRequirementsBusinessImplTest@1e75e08, testMethod = testAddCategory@CategorizeRequirementsBusinessImplTest, testException = [null]]]
 INFO [main] (TransactionalTestExecutionListener.java:259) - Began transaction (3): transaction manager [org.springframework.orm.hibernate3.HibernateTransactionManager@5ebac9]; rollback [true]
Hibernate: insert into user (date_created, date_modified, department, email, full_name, isAdmin, location, locked, organization, password, phone, username) values (?, ?, ?, ?, ?, ?, ?, ?, ?, ?, ?, ?)
Hibernate: insert into project (date_created, date_modified, inspectionStatus, inspectionId, lead_requirements_engineer, lite, name, privacy, ptid, privacyTechniqueRationale, security, stid, securityTechniqueRationale) values (?, ?, ?, ?, ?, ?, ?, ?, ?, ?, ?, ?, ?)
Hibernate: insert into user (date_created, date_modified, department, email, full_name, isAdmin, location, locked, organization, password, phone, username) values (?, ?, ?, ?, ?, ?, ?, ?, ?, ?, ?, ?)
Hibernate: select role0_.id as id11_, role0_.date_created as date2_11_, role0_.date_modified as date3_11_, role0_.description as descript4_11_, role0_.name as name11_ from role role0_ where role0_.name=?
Hibernate: select role0_.id as id11_, role0_.date_created as date2_11_, role0_.date_modified as date3_11_, role0_.description as descript4_11_, role0_.name as name11_ from role role0_ where role0_.name=?
Hibernate: insert into user_project_role (user_id, project_id, role_id) values (?, ?, ?)
Hibernate: insert into user_project_role (user_id, project_id, role_id) values (?, ?, ?)
Hibernate: insert into risk (currentMeasures, date_created, date_modified, impact, likelihood, plannedMeasures, pid, riskTitle, threatAction, threatSource, vulnerability) values (?, ?, ?, ?, ?, ?, ?, ?, ?, ?, ?)
Hibernate: insert into risk (currentMeasures, date_created, date_modified, impact, likelihood, plannedMeasures, pid, riskTitle, threatAction, threatSource, vulnerability) values (?, ?, ?, ?, ?, ?, ?, ?, ?, ?, ?)
Hibernate: insert into artifact (date_created, date_modified, description, link, name, pid, artifact_version) values (?, ?, ?, ?, ?, ?, ?)
Hibernate: insert into artifact (date_created, date_modified, description, link, name, pid, artifact_version) values (?, ?, ?, ?, ?, ?, ?)
Hibernate: insert into goal (date_created, date_modified, description, type, priority, pid) values (?, ?, ?, ?, ?, ?)
Hibernate: insert into category (date_created, date_modified, label, project_id) values (?, ?, ?, ?)
Hibernate: insert into requirement (date_created, date_modified, description, priority, privacy, pid, security, title) values (?, ?, ?, ?, ?, ?, ?, ?)
Hibernate: insert into risk (currentMeasures, date_created, date_modified, impact, likelihood, plannedMeasures, pid, riskTitle, threatAction, threatSource, vulnerability) values (?, ?, ?, ?, ?, ?, ?, ?, ?, ?, ?)
Hibernate: insert into risk (currentMeasures, date_created, date_modified, impact, likelihood, plannedMeasures, pid, riskTitle, threatAction, threatSource, vulnerability) values (?, ?, ?, ?, ?, ?, ?, ?, ?, ?, ?)
Hibernate: insert into goal (date_created, date_modified, description, type, priority, pid) values (?, ?, ?, ?, ?, ?)
Hibernate: insert into artifact (date_created, date_modified, description, link, name, pid, artifact_version) values (?, ?, ?, ?, ?, ?, ?)
Hibernate: insert into category (date_created, date_modified, label, project_id) values (?, ?, ?, ?)
Hibernate: insert into requirement (date_created, date_modified, description, priority, privacy, pid, security, title) values (?, ?, ?, ?, ?, ?, ?, ?)
 INFO [main] (AuthorizationAspect.java:62) - User name: coconut
 INFO [main] (AuthorizationAspect.java:63) - Project name: TestManageProject0.647652538353462
Hibernate: select user0_.id as id16_, user0_.date_created as date2_16_, user0_.date_modified as date3_16_, user0_.department as department16_, user0_.email as email16_, user0_.full_name as full6_16_, user0_.isAdmin as isAdmin16_, user0_.location as location16_, user0_.locked as locked16_, user0_.organization as organiz10_16_, user0_.password as password16_, user0_.phone as phone16_, user0_.username as username16_ from user user0_ where user0_.username=?
 INFO [main] (AuthorizationAspect.java:75) - allowedRoles: [All]
 INFO [main] (AuthorizationAspect.java:115) - Aspect triggered expired from aspect:false execution(getCategories)
Hibernate: insert into requirement_artifact (requirement_id, artifact_id) values (?, ?)
Hibernate: insert into requirement_artifact (requirement_id, artifact_id) values (?, ?)
Hibernate: insert into requirement_category (requirement_id, category_id) values (?, ?)
Hibernate: insert into requirement_goal (requirement_id, goal_id) values (?, ?)
Hibernate: insert into requirement_risk (reqid, tid) values (?, ?)
Hibernate: insert into requirement_risk (reqid, tid) values (?, ?)
Hibernate: insert into requirement_artifact (requirement_id, artifact_id) values (?, ?)
Hibernate: insert into requirement_category (requirement_id, category_id) values (?, ?)
Hibernate: insert into requirement_goal (requirement_id, goal_id) values (?, ?)
Hibernate: insert into requirement_risk (reqid, tid) values (?, ?)
Hibernate: insert into requirement_risk (reqid, tid) values (?, ?)
Hibernate: select categories1_.id as id2_, categories1_.date_created as date2_2_, categories1_.date_modified as date3_2_, categories1_.label as label2_, categories1_.project_id as project5_2_ from project project0_ inner join category categories1_ on project0_.id=categories1_.project_id where project0_.id=?
 INFO [main] (AuthorizationAspect.java:62) - User name: coconut
 INFO [main] (AuthorizationAspect.java:63) - Project name: TestManageProject0.647652538353462
Hibernate: select user0_.id as id16_, user0_.date_created as date2_16_, user0_.date_modified as date3_16_, user0_.department as department16_, user0_.email as email16_, user0_.full_name as full6_16_, user0_.isAdmin as isAdmin16_, user0_.location as location16_, user0_.locked as locked16_, user0_.organization as organiz10_16_, user0_.password as password16_, user0_.phone as phone16_, user0_.username as username16_ from user user0_ where user0_.username=?
 INFO [main] (AuthorizationAspect.java:75) - allowedRoles: [Lead_Requirements_Engineer]
Hibernate: select role1_.id as id11_, role1_.date_created as date2_11_, role1_.date_modified as date3_11_, role1_.description as descript4_11_, role1_.name as name11_ from user_project_role userprojec0_ inner join role role1_ on userprojec0_.role_id=role1_.id, user user2_, project project3_ where userprojec0_.user_id=user2_.id and userprojec0_.project_id=project3_.id and user2_.username=? and project3_.name=?
 INFO [main] (AuthorizationAspect.java:97) - user roles [Lead Requirements Engineer, Administrator]
 INFO [main] (AuthorizationAspect.java:115) - Aspect triggered expired from aspect:false execution(addCategory)
Hibernate: select category0_.id as id2_, category0_.date_created as date2_2_, category0_.date_modified as date3_2_, category0_.label as label2_, category0_.project_id as project5_2_ from category category0_ where category0_.label=? and category0_.project_id=?
Hibernate: insert into category (date_created, date_modified, label, project_id) values (?, ?, ?, ?)
 INFO [main] (AuthorizationAspect.java:62) - User name: coconut
 INFO [main] (AuthorizationAspect.java:63) - Project name: TestManageProject0.647652538353462
Hibernate: select user0_.id as id16_, user0_.date_created as date2_16_, user0_.date_modified as date3_16_, user0_.department as department16_, user0_.email as email16_, user0_.full_name as full6_16_, user0_.isAdmin as isAdmin16_, user0_.location as location16_, user0_.locked as locked16_, user0_.organization as organiz10_16_, user0_.password as password16_, user0_.phone as phone16_, user0_.username as username16_ from user user0_ where user0_.username=?
 INFO [main] (AuthorizationAspect.java:75) - allowedRoles: [All]
 INFO [main] (AuthorizationAspect.java:115) - Aspect triggered expired from aspect:false execution(getCategories)
Hibernate: select categories1_.id as id2_, categories1_.date_created as date2_2_, categories1_.date_modified as date3_2_, categories1_.label as label2_, categories1_.project_id as project5_2_ from project project0_ inner join category categories1_ on project0_.id=categories1_.project_id where project0_.id=?
 INFO [main] (TransactionalTestExecutionListener.java:279) - Rolled back transaction after test execution for test context [[TestContext@992725 testClass = CategorizeRequirementsBusinessImplTest, locations = array<String>['classpath:applicationContext*.xml'], testInstance = edu.cmu.square.server.business.implementation.CategorizeRequirementsBusinessImplTest@1fe2493, testMethod = testGetCategories@CategorizeRequirementsBusinessImplTest, testException = [null]]]
 INFO [main] (TransactionalTestExecutionListener.java:259) - Began transaction (4): transaction manager [org.springframework.orm.hibernate3.HibernateTransactionManager@5ebac9]; rollback [true]
Hibernate: insert into user (date_created, date_modified, department, email, full_name, isAdmin, location, locked, organization, password, phone, username) values (?, ?, ?, ?, ?, ?, ?, ?, ?, ?, ?, ?)
Hibernate: insert into project (date_created, date_modified, inspectionStatus, inspectionId, lead_requirements_engineer, lite, name, privacy, ptid, privacyTechniqueRationale, security, stid, securityTechniqueRationale) values (?, ?, ?, ?, ?, ?, ?, ?, ?, ?, ?, ?, ?)
Hibernate: insert into user (date_created, date_modified, department, email, full_name, isAdmin, location, locked, organization, password, phone, username) values (?, ?, ?, ?, ?, ?, ?, ?, ?, ?, ?, ?)
Hibernate: select role0_.id as id11_, role0_.date_created as date2_11_, role0_.date_modified as date3_11_, role0_.description as descript4_11_, role0_.name as name11_ from role role0_ where role0_.name=?
Hibernate: select role0_.id as id11_, role0_.date_created as date2_11_, role0_.date_modified as date3_11_, role0_.description as descript4_11_, role0_.name as name11_ from role role0_ where role0_.name=?
Hibernate: insert into user_project_role (user_id, project_id, role_id) values (?, ?, ?)
Hibernate: insert into user_project_role (user_id, project_id, role_id) values (?, ?, ?)
Hibernate: insert into risk (currentMeasures, date_created, date_modified, impact, likelihood, plannedMeasures, pid, riskTitle, threatAction, threatSource, vulnerability) values (?, ?, ?, ?, ?, ?, ?, ?, ?, ?, ?)
Hibernate: insert into risk (currentMeasures, date_created, date_modified, impact, likelihood, plannedMeasures, pid, riskTitle, threatAction, threatSource, vulnerability) values (?, ?, ?, ?, ?, ?, ?, ?, ?, ?, ?)
Hibernate: insert into artifact (date_created, date_modified, description, link, name, pid, artifact_version) values (?, ?, ?, ?, ?, ?, ?)
Hibernate: insert into artifact (date_created, date_modified, description, link, name, pid, artifact_version) values (?, ?, ?, ?, ?, ?, ?)
Hibernate: insert into goal (date_created, date_modified, description, type, priority, pid) values (?, ?, ?, ?, ?, ?)
Hibernate: insert into category (date_created, date_modified, label, project_id) values (?, ?, ?, ?)
Hibernate: insert into requirement (date_created, date_modified, description, priority, privacy, pid, security, title) values (?, ?, ?, ?, ?, ?, ?, ?)
Hibernate: insert into risk (currentMeasures, date_created, date_modified, impact, likelihood, plannedMeasures, pid, riskTitle, threatAction, threatSource, vulnerability) values (?, ?, ?, ?, ?, ?, ?, ?, ?, ?, ?)
Hibernate: insert into risk (currentMeasures, date_created, date_modified, impact, likelihood, plannedMeasures, pid, riskTitle, threatAction, threatSource, vulnerability) values (?, ?, ?, ?, ?, ?, ?, ?, ?, ?, ?)
Hibernate: insert into goal (date_created, date_modified, description, type, priority, pid) values (?, ?, ?, ?, ?, ?)
Hibernate: insert into artifact (date_created, date_modified, description, link, name, pid, artifact_version) values (?, ?, ?, ?, ?, ?, ?)
Hibernate: insert into category (date_created, date_modified, label, project_id) values (?, ?, ?, ?)
Hibernate: insert into requirement (date_created, date_modified, description, priority, privacy, pid, security, title) values (?, ?, ?, ?, ?, ?, ?, ?)
 INFO [main] (AuthorizationAspect.java:62) - User name: coconut
 INFO [main] (AuthorizationAspect.java:63) - Project name: TestManageProject0.6359901246904863
Hibernate: select user0_.id as id16_, user0_.date_created as date2_16_, user0_.date_modified as date3_16_, user0_.department as department16_, user0_.email as email16_, user0_.full_name as full6_16_, user0_.isAdmin as isAdmin16_, user0_.location as location16_, user0_.locked as locked16_, user0_.organization as organiz10_16_, user0_.password as password16_, user0_.phone as phone16_, user0_.username as username16_ from user user0_ where user0_.username=?
 INFO [main] (AuthorizationAspect.java:75) - allowedRoles: [All]
 INFO [main] (AuthorizationAspect.java:115) - Aspect triggered expired from aspect:false execution(getCategories)
Hibernate: insert into requirement_artifact (requirement_id, artifact_id) values (?, ?)
Hibernate: insert into requirement_artifact (requirement_id, artifact_id) values (?, ?)
Hibernate: insert into requirement_category (requirement_id, category_id) values (?, ?)
Hibernate: insert into requirement_goal (requirement_id, goal_id) values (?, ?)
Hibernate: insert into requirement_risk (reqid, tid) values (?, ?)
Hibernate: insert into requirement_risk (reqid, tid) values (?, ?)
Hibernate: insert into requirement_artifact (requirement_id, artifact_id) values (?, ?)
Hibernate: insert into requirement_category (requirement_id, category_id) values (?, ?)
Hibernate: insert into requirement_goal (requirement_id, goal_id) values (?, ?)
Hibernate: insert into requirement_risk (reqid, tid) values (?, ?)
Hibernate: insert into requirement_risk (reqid, tid) values (?, ?)
Hibernate: select categories1_.id as id2_, categories1_.date_created as date2_2_, categories1_.date_modified as date3_2_, categories1_.label as label2_, categories1_.project_id as project5_2_ from project project0_ inner join category categories1_ on project0_.id=categories1_.project_id where project0_.id=?
 INFO [main] (AuthorizationAspect.java:62) - User name: coconut
 INFO [main] (AuthorizationAspect.java:63) - Project name: TestManageProject0.6359901246904863
Hibernate: select user0_.id as id16_, user0_.date_created as date2_16_, user0_.date_modified as date3_16_, user0_.department as department16_, user0_.email as email16_, user0_.full_name as full6_16_, user0_.isAdmin as isAdmin16_, user0_.location as location16_, user0_.locked as locked16_, user0_.organization as organiz10_16_, user0_.password as password16_, user0_.phone as phone16_, user0_.username as username16_ from user user0_ where user0_.username=?
 INFO [main] (AuthorizationAspect.java:75) - allowedRoles: [Lead_Requirements_Engineer]
Hibernate: select role1_.id as id11_, role1_.date_created as date2_11_, role1_.date_modified as date3_11_, role1_.description as descript4_11_, role1_.name as name11_ from user_project_role userprojec0_ inner join role role1_ on userprojec0_.role_id=role1_.id, user user2_, project project3_ where userprojec0_.user_id=user2_.id and userprojec0_.project_id=project3_.id and user2_.username=? and project3_.name=?
 INFO [main] (AuthorizationAspect.java:97) - user roles [Lead Requirements Engineer, Administrator]
 INFO [main] (AuthorizationAspect.java:115) - Aspect triggered expired from aspect:false execution(removeCategory)
 INFO [main] (AuthorizationAspect.java:62) - User name: coconut
 INFO [main] (AuthorizationAspect.java:63) - Project name: TestManageProject0.6359901246904863
Hibernate: select user0_.id as id16_, user0_.date_created as date2_16_, user0_.date_modified as date3_16_, user0_.department as department16_, user0_.email as email16_, user0_.full_name as full6_16_, user0_.isAdmin as isAdmin16_, user0_.location as location16_, user0_.locked as locked16_, user0_.organization as organiz10_16_, user0_.password as password16_, user0_.phone as phone16_, user0_.username as username16_ from user user0_ where user0_.username=?
 INFO [main] (AuthorizationAspect.java:75) - allowedRoles: [All]
 INFO [main] (AuthorizationAspect.java:115) - Aspect triggered expired from aspect:false execution(getCategories)
Hibernate: delete from category where id=?
Hibernate: select categories1_.id as id2_, categories1_.date_created as date2_2_, categories1_.date_modified as date3_2_, categories1_.label as label2_, categories1_.project_id as project5_2_ from project project0_ inner join category categories1_ on project0_.id=categories1_.project_id where project0_.id=?
 INFO [main] (TransactionalTestExecutionListener.java:279) - Rolled back transaction after test execution for test context [[TestContext@992725 testClass = CategorizeRequirementsBusinessImplTest, locations = array<String>['classpath:applicationContext*.xml'], testInstance = edu.cmu.square.server.business.implementation.CategorizeRequirementsBusinessImplTest@2505b7, testMethod = testRemoveCategory@CategorizeRequirementsBusinessImplTest, testException = [null]]]
 INFO [main] (TransactionalTestExecutionListener.java:259) - Began transaction (5): transaction manager [org.springframework.orm.hibernate3.HibernateTransactionManager@5ebac9]; rollback [true]
Hibernate: insert into user (date_created, date_modified, department, email, full_name, isAdmin, location, locked, organization, password, phone, username) values (?, ?, ?, ?, ?, ?, ?, ?, ?, ?, ?, ?)
Hibernate: insert into project (date_created, date_modified, inspectionStatus, inspectionId, lead_requirements_engineer, lite, name, privacy, ptid, privacyTechniqueRationale, security, stid, securityTechniqueRationale) values (?, ?, ?, ?, ?, ?, ?, ?, ?, ?, ?, ?, ?)
Hibernate: insert into user (date_created, date_modified, department, email, full_name, isAdmin, location, locked, organization, password, phone, username) values (?, ?, ?, ?, ?, ?, ?, ?, ?, ?, ?, ?)
Hibernate: select role0_.id as id11_, role0_.date_created as date2_11_, role0_.date_modified as date3_11_, role0_.description as descript4_11_, role0_.name as name11_ from role role0_ where role0_.name=?
Hibernate: select role0_.id as id11_, role0_.date_created as date2_11_, role0_.date_modified as date3_11_, role0_.description as descript4_11_, role0_.name as name11_ from role role0_ where role0_.name=?
Hibernate: insert into user_project_role (user_id, project_id, role_id) values (?, ?, ?)
Hibernate: insert into user_project_role (user_id, project_id, role_id) values (?, ?, ?)
Hibernate: insert into risk (currentMeasures, date_created, date_modified, impact, likelihood, plannedMeasures, pid, riskTitle, threatAction, threatSource, vulnerability) values (?, ?, ?, ?, ?, ?, ?, ?, ?, ?, ?)
Hibernate: insert into risk (currentMeasures, date_created, date_modified, impact, likelihood, plannedMeasures, pid, riskTitle, threatAction, threatSource, vulnerability) values (?, ?, ?, ?, ?, ?, ?, ?, ?, ?, ?)
Hibernate: insert into artifact (date_created, date_modified, description, link, name, pid, artifact_version) values (?, ?, ?, ?, ?, ?, ?)
Hibernate: insert into artifact (date_created, date_modified, description, link, name, pid, artifact_version) values (?, ?, ?, ?, ?, ?, ?)
Hibernate: insert into goal (date_created, date_modified, description, type, priority, pid) values (?, ?, ?, ?, ?, ?)
Hibernate: insert into category (date_created, date_modified, label, project_id) values (?, ?, ?, ?)
Hibernate: insert into requirement (date_created, date_modified, description, priority, privacy, pid, security, title) values (?, ?, ?, ?, ?, ?, ?, ?)
Hibernate: insert into risk (currentMeasures, date_created, date_modified, impact, likelihood, plannedMeasures, pid, riskTitle, threatAction, threatSource, vulnerability) values (?, ?, ?, ?, ?, ?, ?, ?, ?, ?, ?)
Hibernate: insert into risk (currentMeasures, date_created, date_modified, impact, likelihood, plannedMeasures, pid, riskTitle, threatAction, threatSource, vulnerability) values (?, ?, ?, ?, ?, ?, ?, ?, ?, ?, ?)
Hibernate: insert into goal (date_created, date_modified, description, type, priority, pid) values (?, ?, ?, ?, ?, ?)
Hibernate: insert into artifact (date_created, date_modified, description, link, name, pid, artifact_version) values (?, ?, ?, ?, ?, ?, ?)
Hibernate: insert into category (date_created, date_modified, label, project_id) values (?, ?, ?, ?)
Hibernate: insert into requirement (date_created, date_modified, description, priority, privacy, pid, security, title) values (?, ?, ?, ?, ?, ?, ?, ?)
 INFO [main] (AuthorizationAspect.java:62) - User name: coconut
 INFO [main] (AuthorizationAspect.java:63) - Project name: TestManageProject0.527851741944434
Hibernate: select user0_.id as id16_, user0_.date_created as date2_16_, user0_.date_modified as date3_16_, user0_.department as department16_, user0_.email as email16_, user0_.full_name as full6_16_, user0_.isAdmin as isAdmin16_, user0_.location as location16_, user0_.locked as locked16_, user0_.organization as organiz10_16_, user0_.password as password16_, user0_.phone as phone16_, user0_.username as username16_ from user user0_ where user0_.username=?
 INFO [main] (AuthorizationAspect.java:75) - allowedRoles: [Lead_Requirements_Engineer]
Hibernate: insert into requirement_artifact (requirement_id, artifact_id) values (?, ?)
Hibernate: insert into requirement_artifact (requirement_id, artifact_id) values (?, ?)
Hibernate: insert into requirement_category (requirement_id, category_id) values (?, ?)
Hibernate: insert into requirement_goal (requirement_id, goal_id) values (?, ?)
Hibernate: insert into requirement_risk (reqid, tid) values (?, ?)
Hibernate: insert into requirement_risk (reqid, tid) values (?, ?)
Hibernate: insert into requirement_artifact (requirement_id, artifact_id) values (?, ?)
Hibernate: insert into requirement_category (requirement_id, category_id) values (?, ?)
Hibernate: insert into requirement_goal (requirement_id, goal_id) values (?, ?)
Hibernate: insert into requirement_risk (reqid, tid) values (?, ?)
Hibernate: insert into requirement_risk (reqid, tid) values (?, ?)
Hibernate: select role1_.id as id11_, role1_.date_created as date2_11_, role1_.date_modified as date3_11_, role1_.description as descript4_11_, role1_.name as name11_ from user_project_role userprojec0_ inner join role role1_ on userprojec0_.role_id=role1_.id, user user2_, project project3_ where userprojec0_.user_id=user2_.id and userprojec0_.project_id=project3_.id and user2_.username=? and project3_.name=?
 INFO [main] (AuthorizationAspect.java:97) - user roles [Lead Requirements Engineer, Administrator]
 INFO [main] (AuthorizationAspect.java:115) - Aspect triggered expired from aspect:false execution(updateCategory)
Hibernate: select category0_.id as id2_, category0_.date_created as date2_2_, category0_.date_modified as date3_2_, category0_.label as label2_, category0_.project_id as project5_2_ from category category0_ where category0_.label=? and category0_.project_id=?
 INFO [main] (TransactionalTestExecutionListener.java:279) - Rolled back transaction after test execution for test context [[TestContext@992725 testClass = CategorizeRequirementsBusinessImplTest, locations = array<String>['classpath:applicationContext*.xml'], testInstance = edu.cmu.square.server.business.implementation.CategorizeRequirementsBusinessImplTest@ffab0a, testMethod = testUpdateCategory@CategorizeRequirementsBusinessImplTest, testException = [null]]]
 INFO [main] (TransactionalTestExecutionListener.java:259) - Began transaction (6): transaction manager [org.springframework.orm.hibernate3.HibernateTransactionManager@5ebac9]; rollback [true]
Hibernate: insert into user (date_created, date_modified, department, email, full_name, isAdmin, location, locked, organization, password, phone, username) values (?, ?, ?, ?, ?, ?, ?, ?, ?, ?, ?, ?)
Hibernate: insert into project (date_created, date_modified, inspectionStatus, inspectionId, lead_requirements_engineer, lite, name, privacy, ptid, privacyTechniqueRationale, security, stid, securityTechniqueRationale) values (?, ?, ?, ?, ?, ?, ?, ?, ?, ?, ?, ?, ?)
Hibernate: insert into user (date_created, date_modified, department, email, full_name, isAdmin, location, locked, organization, password, phone, username) values (?, ?, ?, ?, ?, ?, ?, ?, ?, ?, ?, ?)
Hibernate: select role0_.id as id11_, role0_.date_created as date2_11_, role0_.date_modified as date3_11_, role0_.description as descript4_11_, role0_.name as name11_ from role role0_ where role0_.name=?
Hibernate: select role0_.id as id11_, role0_.date_created as date2_11_, role0_.date_modified as date3_11_, role0_.description as descript4_11_, role0_.name as name11_ from role role0_ where role0_.name=?
Hibernate: insert into user_project_role (user_id, project_id, role_id) values (?, ?, ?)
Hibernate: insert into user_project_role (user_id, project_id, role_id) values (?, ?, ?)
Hibernate: insert into risk (currentMeasures, date_created, date_modified, impact, likelihood, plannedMeasures, pid, riskTitle, threatAction, threatSource, vulnerability) values (?, ?, ?, ?, ?, ?, ?, ?, ?, ?, ?)
Hibernate: insert into risk (currentMeasures, date_created, date_modified, impact, likelihood, plannedMeasures, pid, riskTitle, threatAction, threatSource, vulnerability) values (?, ?, ?, ?, ?, ?, ?, ?, ?, ?, ?)
Hibernate: insert into artifact (date_created, date_modified, description, link, name, pid, artifact_version) values (?, ?, ?, ?, ?, ?, ?)
Hibernate: insert into artifact (date_created, date_modified, description, link, name, pid, artifact_version) values (?, ?, ?, ?, ?, ?, ?)
Hibernate: insert into goal (date_created, date_modified, description, type, priority, pid) values (?, ?, ?, ?, ?, ?)
Hibernate: insert into category (date_created, date_modified, label, project_id) values (?, ?, ?, ?)
Hibernate: insert into requirement (date_created, date_modified, description, priority, privacy, pid, security, title) values (?, ?, ?, ?, ?, ?, ?, ?)
Hibernate: insert into risk (currentMeasures, date_created, date_modified, impact, likelihood, plannedMeasures, pid, riskTitle, threatAction, threatSource, vulnerability) values (?, ?, ?, ?, ?, ?, ?, ?, ?, ?, ?)
Hibernate: insert into risk (currentMeasures, date_created, date_modified, impact, likelihood, plannedMeasures, pid, riskTitle, threatAction, threatSource, vulnerability) values (?, ?, ?, ?, ?, ?, ?, ?, ?, ?, ?)
Hibernate: insert into goal (date_created, date_modified, description, type, priority, pid) values (?, ?, ?, ?, ?, ?)
Hibernate: insert into artifact (date_created, date_modified, description, link, name, pid, artifact_version) values (?, ?, ?, ?, ?, ?, ?)
Hibernate: insert into category (date_created, date_modified, label, project_id) values (?, ?, ?, ?)
Hibernate: insert into requirement (date_created, date_modified, description, priority, privacy, pid, security, title) values (?, ?, ?, ?, ?, ?, ?, ?)
 INFO [main] (AuthorizationAspect.java:62) - User name: coconut
 INFO [main] (AuthorizationAspect.java:63) - Project name: TestManageProject0.8216300216834376
Hibernate: select user0_.id as id16_, user0_.date_created as date2_16_, user0_.date_modified as date3_16_, user0_.department as department16_, user0_.email as email16_, user0_.full_name as full6_16_, user0_.isAdmin as isAdmin16_, user0_.location as location16_, user0_.locked as locked16_, user0_.organization as organiz10_16_, user0_.password as password16_, user0_.phone as phone16_, user0_.username as username16_ from user user0_ where user0_.username=?
 INFO [main] (AuthorizationAspect.java:75) - allowedRoles: [Lead_Requirements_Engineer]
Hibernate: insert into requirement_artifact (requirement_id, artifact_id) values (?, ?)
Hibernate: insert into requirement_artifact (requirement_id, artifact_id) values (?, ?)
Hibernate: insert into requirement_category (requirement_id, category_id) values (?, ?)
Hibernate: insert into requirement_goal (requirement_id, goal_id) values (?, ?)
Hibernate: insert into requirement_risk (reqid, tid) values (?, ?)
Hibernate: insert into requirement_risk (reqid, tid) values (?, ?)
Hibernate: insert into requirement_artifact (requirement_id, artifact_id) values (?, ?)
Hibernate: insert into requirement_category (requirement_id, category_id) values (?, ?)
Hibernate: insert into requirement_goal (requirement_id, goal_id) values (?, ?)
Hibernate: insert into requirement_risk (reqid, tid) values (?, ?)
Hibernate: insert into requirement_risk (reqid, tid) values (?, ?)
Hibernate: select role1_.id as id11_, role1_.date_created as date2_11_, role1_.date_modified as date3_11_, role1_.description as descript4_11_, role1_.name as name11_ from user_project_role userprojec0_ inner join role role1_ on userprojec0_.role_id=role1_.id, user user2_, project project3_ where userprojec0_.user_id=user2_.id and userprojec0_.project_id=project3_.id and user2_.username=? and project3_.name=?
 INFO [main] (AuthorizationAspect.java:97) - user roles [Lead Requirements Engineer, Administrator]
 INFO [main] (AuthorizationAspect.java:115) - Aspect triggered expired from aspect:false execution(mergeCategories)
Hibernate: select requiremen0_.id as id9_, requiremen0_.date_created as date2_9_, requiremen0_.date_modified as date3_9_, requiremen0_.description as descript4_9_, requiremen0_.priority as priority9_, requiremen0_.privacy as privacy9_, requiremen0_.pid as pid9_, requiremen0_.security as security9_, requiremen0_.title as title9_ from requirement requiremen0_ inner join requirement_category categories1_ on requiremen0_.id=categories1_.requirement_id inner join category category2_ on categories1_.category_id=category2_.id where category2_.id=?
Hibernate: delete from requirement_category where requirement_id=? and category_id=?
Hibernate: insert into requirement_category (requirement_id, category_id) values (?, ?)
Hibernate: delete from category where id=?
Hibernate: select requiremen0_.id as id9_, requiremen0_.date_created as date2_9_, requiremen0_.date_modified as date3_9_, requiremen0_.description as descript4_9_, requiremen0_.priority as priority9_, requiremen0_.privacy as privacy9_, requiremen0_.pid as pid9_, requiremen0_.security as security9_, requiremen0_.title as title9_ from requirement requiremen0_ inner join requirement_category categories1_ on requiremen0_.id=categories1_.requirement_id inner join category category2_ on categories1_.category_id=category2_.id where category2_.id=?
Hibernate: select requiremen0_.id as id9_, requiremen0_.date_created as date2_9_, requiremen0_.date_modified as date3_9_, requiremen0_.description as descript4_9_, requiremen0_.priority as priority9_, requiremen0_.privacy as privacy9_, requiremen0_.pid as pid9_, requiremen0_.security as security9_, requiremen0_.title as title9_ from requirement requiremen0_ inner join requirement_category categories1_ on requiremen0_.id=categories1_.requirement_id inner join category category2_ on categories1_.category_id=category2_.id where category2_.id=?
Hibernate: select category0_.id as id2_0_, category0_.date_created as date2_2_0_, category0_.date_modified as date3_2_0_, category0_.label as label2_0_, category0_.project_id as project5_2_0_ from category category0_ where category0_.id=?
 INFO [main] (TransactionalTestExecutionListener.java:279) - Rolled back transaction after test execution for test context [[TestContext@992725 testClass = CategorizeRequirementsBusinessImplTest, locations = array<String>['classpath:applicationContext*.xml'], testInstance = edu.cmu.square.server.business.implementation.CategorizeRequirementsBusinessImplTest@8d539f, testMethod = testMergeCategories@CategorizeRequirementsBusinessImplTest, testException = [null]]]
 INFO [main] (TransactionalTestExecutionListener.java:259) - Began transaction (7): transaction manager [org.springframework.orm.hibernate3.HibernateTransactionManager@5ebac9]; rollback [true]
Hibernate: insert into user (date_created, date_modified, department, email, full_name, isAdmin, location, locked, organization, password, phone, username) values (?, ?, ?, ?, ?, ?, ?, ?, ?, ?, ?, ?)
Hibernate: insert into project (date_created, date_modified, inspectionStatus, inspectionId, lead_requirements_engineer, lite, name, privacy, ptid, privacyTechniqueRationale, security, stid, securityTechniqueRationale) values (?, ?, ?, ?, ?, ?, ?, ?, ?, ?, ?, ?, ?)
Hibernate: insert into user (date_created, date_modified, department, email, full_name, isAdmin, location, locked, organization, password, phone, username) values (?, ?, ?, ?, ?, ?, ?, ?, ?, ?, ?, ?)
Hibernate: select role0_.id as id11_, role0_.date_created as date2_11_, role0_.date_modified as date3_11_, role0_.description as descript4_11_, role0_.name as name11_ from role role0_ where role0_.name=?
Hibernate: select role0_.id as id11_, role0_.date_created as date2_11_, role0_.date_modified as date3_11_, role0_.description as descript4_11_, role0_.name as name11_ from role role0_ where role0_.name=?
Hibernate: insert into user_project_role (user_id, project_id, role_id) values (?, ?, ?)
Hibernate: insert into user_project_role (user_id, project_id, role_id) values (?, ?, ?)
Hibernate: insert into risk (currentMeasures, date_created, date_modified, impact, likelihood, plannedMeasures, pid, riskTitle, threatAction, threatSource, vulnerability) values (?, ?, ?, ?, ?, ?, ?, ?, ?, ?, ?)
Hibernate: insert into risk (currentMeasures, date_created, date_modified, impact, likelihood, plannedMeasures, pid, riskTitle, threatAction, threatSource, vulnerability) values (?, ?, ?, ?, ?, ?, ?, ?, ?, ?, ?)
Hibernate: insert into artifact (date_created, date_modified, description, link, name, pid, artifact_version) values (?, ?, ?, ?, ?, ?, ?)
Hibernate: insert into artifact (date_created, date_modified, description, link, name, pid, artifact_version) values (?, ?, ?, ?, ?, ?, ?)
Hibernate: insert into goal (date_created, date_modified, description, type, priority, pid) values (?, ?, ?, ?, ?, ?)
Hibernate: insert into category (date_created, date_modified, label, project_id) values (?, ?, ?, ?)
Hibernate: insert into requirement (date_created, date_modified, description, priority, privacy, pid, security, title) values (?, ?, ?, ?, ?, ?, ?, ?)
Hibernate: insert into risk (currentMeasures, date_created, date_modified, impact, likelihood, plannedMeasures, pid, riskTitle, threatAction, threatSource, vulnerability) values (?, ?, ?, ?, ?, ?, ?, ?, ?, ?, ?)
Hibernate: insert into risk (currentMeasures, date_created, date_modified, impact, likelihood, plannedMeasures, pid, riskTitle, threatAction, threatSource, vulnerability) values (?, ?, ?, ?, ?, ?, ?, ?, ?, ?, ?)
Hibernate: insert into goal (date_created, date_modified, description, type, priority, pid) values (?, ?, ?, ?, ?, ?)
Hibernate: insert into artifact (date_created, date_modified, description, link, name, pid, artifact_version) values (?, ?, ?, ?, ?, ?, ?)
Hibernate: insert into category (date_created, date_modified, label, project_id) values (?, ?, ?, ?)
Hibernate: insert into requirement (date_created, date_modified, description, priority, privacy, pid, security, title) values (?, ?, ?, ?, ?, ?, ?, ?)
 INFO [main] (AuthorizationAspect.java:62) - User name: coconut
 INFO [main] (AuthorizationAspect.java:63) - Project name: TestManageProject0.507765836576353
Hibernate: select user0_.id as id16_, user0_.date_created as date2_16_, user0_.date_modified as date3_16_, user0_.department as department16_, user0_.email as email16_, user0_.full_name as full6_16_, user0_.isAdmin as isAdmin16_, user0_.location as location16_, user0_.locked as locked16_, user0_.organization as organiz10_16_, user0_.password as password16_, user0_.phone as phone16_, user0_.username as username16_ from user user0_ where user0_.username=?
 INFO [main] (AuthorizationAspect.java:75) - allowedRoles: [All]
 INFO [main] (AuthorizationAspect.java:115) - Aspect triggered expired from aspect:false execution(addCategoryToRequirements)
Hibernate: insert into requirement_artifact (requirement_id, artifact_id) values (?, ?)
Hibernate: insert into requirement_artifact (requirement_id, artifact_id) values (?, ?)
Hibernate: insert into requirement_category (requirement_id, category_id) values (?, ?)
Hibernate: insert into requirement_goal (requirement_id, goal_id) values (?, ?)
Hibernate: insert into requirement_risk (reqid, tid) values (?, ?)
Hibernate: insert into requirement_risk (reqid, tid) values (?, ?)
Hibernate: insert into requirement_artifact (requirement_id, artifact_id) values (?, ?)
Hibernate: insert into requirement_category (requirement_id, category_id) values (?, ?)
Hibernate: insert into requirement_category (requirement_id, category_id) values (?, ?)
Hibernate: insert into requirement_goal (requirement_id, goal_id) values (?, ?)
Hibernate: insert into requirement_risk (reqid, tid) values (?, ?)
Hibernate: insert into requirement_risk (reqid, tid) values (?, ?)
Hibernate: select requiremen0_.id as id9_, requiremen0_.date_created as date2_9_, requiremen0_.date_modified as date3_9_, requiremen0_.description as descript4_9_, requiremen0_.priority as priority9_, requiremen0_.privacy as privacy9_, requiremen0_.pid as pid9_, requiremen0_.security as security9_, requiremen0_.title as title9_ from requirement requiremen0_ inner join requirement_category categories1_ on requiremen0_.id=categories1_.requirement_id inner join category category2_ on categories1_.category_id=category2_.id where category2_.id=?
 INFO [main] (TransactionalTestExecutionListener.java:279) - Rolled back transaction after test execution for test context [[TestContext@992725 testClass = CategorizeRequirementsBusinessImplTest, locations = array<String>['classpath:applicationContext*.xml'], testInstance = edu.cmu.square.server.business.implementation.CategorizeRequirementsBusinessImplTest@1df59bd, testMethod = testAddCategoryToRequirements@CategorizeRequirementsBusinessImplTest, testException = [null]]]
 INFO [main] (TransactionalTestExecutionListener.java:259) - Began transaction (8): transaction manager [org.springframework.orm.hibernate3.HibernateTransactionManager@5ebac9]; rollback [true]
Hibernate: insert into user (date_created, date_modified, department, email, full_name, isAdmin, location, locked, organization, password, phone, username) values (?, ?, ?, ?, ?, ?, ?, ?, ?, ?, ?, ?)
Hibernate: insert into project (date_created, date_modified, inspectionStatus, inspectionId, lead_requirements_engineer, lite, name, privacy, ptid, privacyTechniqueRationale, security, stid, securityTechniqueRationale) values (?, ?, ?, ?, ?, ?, ?, ?, ?, ?, ?, ?, ?)
Hibernate: insert into user (date_created, date_modified, department, email, full_name, isAdmin, location, locked, organization, password, phone, username) values (?, ?, ?, ?, ?, ?, ?, ?, ?, ?, ?, ?)
Hibernate: select role0_.id as id11_, role0_.date_created as date2_11_, role0_.date_modified as date3_11_, role0_.description as descript4_11_, role0_.name as name11_ from role role0_ where role0_.name=?
Hibernate: select role0_.id as id11_, role0_.date_created as date2_11_, role0_.date_modified as date3_11_, role0_.description as descript4_11_, role0_.name as name11_ from role role0_ where role0_.name=?
Hibernate: insert into user_project_role (user_id, project_id, role_id) values (?, ?, ?)
Hibernate: insert into user_project_role (user_id, project_id, role_id) values (?, ?, ?)
Hibernate: insert into risk (currentMeasures, date_created, date_modified, impact, likelihood, plannedMeasures, pid, riskTitle, threatAction, threatSource, vulnerability) values (?, ?, ?, ?, ?, ?, ?, ?, ?, ?, ?)
Hibernate: insert into risk (currentMeasures, date_created, date_modified, impact, likelihood, plannedMeasures, pid, riskTitle, threatAction, threatSource, vulnerability) values (?, ?, ?, ?, ?, ?, ?, ?, ?, ?, ?)
Hibernate: insert into artifact (date_created, date_modified, description, link, name, pid, artifact_version) values (?, ?, ?, ?, ?, ?, ?)
Hibernate: insert into artifact (date_created, date_modified, description, link, name, pid, artifact_version) values (?, ?, ?, ?, ?, ?, ?)
Hibernate: insert into goal (date_created, date_modified, description, type, priority, pid) values (?, ?, ?, ?, ?, ?)
Hibernate: insert into category (date_created, date_modified, label, project_id) values (?, ?, ?, ?)
Hibernate: insert into requirement (date_created, date_modified, description, priority, privacy, pid, security, title) values (?, ?, ?, ?, ?, ?, ?, ?)
Hibernate: insert into risk (currentMeasures, date_created, date_modified, impact, likelihood, plannedMeasures, pid, riskTitle, threatAction, threatSource, vulnerability) values (?, ?, ?, ?, ?, ?, ?, ?, ?, ?, ?)
Hibernate: insert into risk (currentMeasures, date_created, date_modified, impact, likelihood, plannedMeasures, pid, riskTitle, threatAction, threatSource, vulnerability) values (?, ?, ?, ?, ?, ?, ?, ?, ?, ?, ?)
Hibernate: insert into goal (date_created, date_modified, description, type, priority, pid) values (?, ?, ?, ?, ?, ?)
Hibernate: insert into artifact (date_created, date_modified, description, link, name, pid, artifact_version) values (?, ?, ?, ?, ?, ?, ?)
Hibernate: insert into category (date_created, date_modified, label, project_id) values (?, ?, ?, ?)
Hibernate: insert into requirement (date_created, date_modified, description, priority, privacy, pid, security, title) values (?, ?, ?, ?, ?, ?, ?, ?)
 INFO [main] (AuthorizationAspect.java:62) - User name: coconut
 INFO [main] (AuthorizationAspect.java:63) - Project name: TestManageProject0.1308665363986673
Hibernate: select user0_.id as id16_, user0_.date_created as date2_16_, user0_.date_modified as date3_16_, user0_.department as department16_, user0_.email as email16_, user0_.full_name as full6_16_, user0_.isAdmin as isAdmin16_, user0_.location as location16_, user0_.locked as locked16_, user0_.organization as organiz10_16_, user0_.password as password16_, user0_.phone as phone16_, user0_.username as username16_ from user user0_ where user0_.username=?
 INFO [main] (AuthorizationAspect.java:75) - allowedRoles: [All]
 INFO [main] (AuthorizationAspect.java:115) - Aspect triggered expired from aspect:false execution(removeCategoryFromRequirements)
Hibernate: insert into requirement_artifact (requirement_id, artifact_id) values (?, ?)
Hibernate: insert into requirement_artifact (requirement_id, artifact_id) values (?, ?)
Hibernate: insert into requirement_goal (requirement_id, goal_id) values (?, ?)
Hibernate: insert into requirement_risk (reqid, tid) values (?, ?)
Hibernate: insert into requirement_risk (reqid, tid) values (?, ?)
Hibernate: insert into requirement_artifact (requirement_id, artifact_id) values (?, ?)
Hibernate: insert into requirement_category (requirement_id, category_id) values (?, ?)
Hibernate: insert into requirement_goal (requirement_id, goal_id) values (?, ?)
Hibernate: insert into requirement_risk (reqid, tid) values (?, ?)
Hibernate: insert into requirement_risk (reqid, tid) values (?, ?)
Hibernate: select requiremen0_.id as id9_, requiremen0_.date_created as date2_9_, requiremen0_.date_modified as date3_9_, requiremen0_.description as descript4_9_, requiremen0_.priority as priority9_, requiremen0_.privacy as privacy9_, requiremen0_.pid as pid9_, requiremen0_.security as security9_, requiremen0_.title as title9_ from requirement requiremen0_ inner join requirement_category categories1_ on requiremen0_.id=categories1_.requirement_id inner join category category2_ on categories1_.category_id=category2_.id where category2_.id=?
 INFO [main] (TransactionalTestExecutionListener.java:279) - Rolled back transaction after test execution for test context [[TestContext@992725 testClass = CategorizeRequirementsBusinessImplTest, locations = array<String>['classpath:applicationContext*.xml'], testInstance = edu.cmu.square.server.business.implementation.CategorizeRequirementsBusinessImplTest@1ce08c7, testMethod = testRemoveCategoryFromRequirements@CategorizeRequirementsBusinessImplTest, testException = [null]]]
 INFO [main] (TransactionalTestExecutionListener.java:259) - Began transaction (9): transaction manager [org.springframework.orm.hibernate3.HibernateTransactionManager@5ebac9]; rollback [true]
Hibernate: insert into user (date_created, date_modified, department, email, full_name, isAdmin, location, locked, organization, password, phone, username) values (?, ?, ?, ?, ?, ?, ?, ?, ?, ?, ?, ?)
Hibernate: insert into project (date_created, date_modified, inspectionStatus, inspectionId, lead_requirements_engineer, lite, name, privacy, ptid, privacyTechniqueRationale, security, stid, securityTechniqueRationale) values (?, ?, ?, ?, ?, ?, ?, ?, ?, ?, ?, ?, ?)
Hibernate: insert into user (date_created, date_modified, department, email, full_name, isAdmin, location, locked, organization, password, phone, username) values (?, ?, ?, ?, ?, ?, ?, ?, ?, ?, ?, ?)
Hibernate: select role0_.id as id11_, role0_.date_created as date2_11_, role0_.date_modified as date3_11_, role0_.description as descript4_11_, role0_.name as name11_ from role role0_ where role0_.name=?
Hibernate: select role0_.id as id11_, role0_.date_created as date2_11_, role0_.date_modified as date3_11_, role0_.description as descript4_11_, role0_.name as name11_ from role role0_ where role0_.name=?
Hibernate: insert into user_project_role (user_id, project_id, role_id) values (?, ?, ?)
Hibernate: insert into user_project_role (user_id, project_id, role_id) values (?, ?, ?)
Hibernate: insert into risk (currentMeasures, date_created, date_modified, impact, likelihood, plannedMeasures, pid, riskTitle, threatAction, threatSource, vulnerability) values (?, ?, ?, ?, ?, ?, ?, ?, ?, ?, ?)
Hibernate: insert into risk (currentMeasures, date_created, date_modified, impact, likelihood, plannedMeasures, pid, riskTitle, threatAction, threatSource, vulnerability) values (?, ?, ?, ?, ?, ?, ?, ?, ?, ?, ?)
Hibernate: insert into artifact (date_created, date_modified, description, link, name, pid, artifact_version) values (?, ?, ?, ?, ?, ?, ?)
Hibernate: insert into artifact (date_created, date_modified, description, link, name, pid, artifact_version) values (?, ?, ?, ?, ?, ?, ?)
Hibernate: insert into goal (date_created, date_modified, description, type, priority, pid) values (?, ?, ?, ?, ?, ?)
Hibernate: insert into category (date_created, date_modified, label, project_id) values (?, ?, ?, ?)
Hibernate: insert into requirement (date_created, date_modified, description, priority, privacy, pid, security, title) values (?, ?, ?, ?, ?, ?, ?, ?)
Hibernate: insert into risk (currentMeasures, date_created, date_modified, impact, likelihood, plannedMeasures, pid, riskTitle, threatAction, threatSource, vulnerability) values (?, ?, ?, ?, ?, ?, ?, ?, ?, ?, ?)
Hibernate: insert into risk (currentMeasures, date_created, date_modified, impact, likelihood, plannedMeasures, pid, riskTitle, threatAction, threatSource, vulnerability) values (?, ?, ?, ?, ?, ?, ?, ?, ?, ?, ?)
Hibernate: insert into goal (date_created, date_modified, description, type, priority, pid) values (?, ?, ?, ?, ?, ?)
Hibernate: insert into artifact (date_created, date_modified, description, link, name, pid, artifact_version) values (?, ?, ?, ?, ?, ?, ?)
Hibernate: insert into category (date_created, date_modified, label, project_id) values (?, ?, ?, ?)
Hibernate: insert into requirement (date_created, date_modified, description, priority, privacy, pid, security, title) values (?, ?, ?, ?, ?, ?, ?, ?)
 INFO [main] (AuthorizationAspect.java:62) - User name: coconut
 INFO [main] (AuthorizationAspect.java:63) - Project name: TestManageProject0.08878841862391029
Hibernate: select user0_.id as id16_, user0_.date_created as date2_16_, user0_.date_modified as date3_16_, user0_.department as department16_, user0_.email as email16_, user0_.full_name as full6_16_, user0_.isAdmin as isAdmin16_, user0_.location as location16_, user0_.locked as locked16_, user0_.organization as organiz10_16_, user0_.password as password16_, user0_.phone as phone16_, user0_.username as username16_ from user user0_ where user0_.username=?
 INFO [main] (AuthorizationAspect.java:75) - allowedRoles: [All]
 INFO [main] (AuthorizationAspect.java:115) - Aspect triggered expired from aspect:false execution(getCategoriesWithCount)
Hibernate: insert into requirement_artifact (requirement_id, artifact_id) values (?, ?)
Hibernate: insert into requirement_artifact (requirement_id, artifact_id) values (?, ?)
Hibernate: insert into requirement_category (requirement_id, category_id) values (?, ?)
Hibernate: insert into requirement_goal (requirement_id, goal_id) values (?, ?)
Hibernate: insert into requirement_risk (reqid, tid) values (?, ?)
Hibernate: insert into requirement_risk (reqid, tid) values (?, ?)
Hibernate: insert into requirement_artifact (requirement_id, artifact_id) values (?, ?)
Hibernate: insert into requirement_category (requirement_id, category_id) values (?, ?)
Hibernate: insert into requirement_goal (requirement_id, goal_id) values (?, ?)
Hibernate: insert into requirement_risk (reqid, tid) values (?, ?)
Hibernate: insert into requirement_risk (reqid, tid) values (?, ?)
Hibernate: select category3_.id as col_0_0_, count(requiremen1_.id) as col_1_0_, category3_.id as id2_, category3_.date_created as date2_2_, category3_.date_modified as date3_2_, category3_.label as label2_, category3_.project_id as project5_2_ from project project0_ inner join requirement requiremen1_ on project0_.id=requiremen1_.pid inner join requirement_category categories2_ on requiremen1_.id=categories2_.requirement_id inner join category category3_ on categories2_.category_id=category3_.id where project0_.id=? group by requiremen1_.id
 INFO [main] (TransactionalTestExecutionListener.java:279) - Rolled back transaction after test execution for test context [[TestContext@992725 testClass = CategorizeRequirementsBusinessImplTest, locations = array<String>['classpath:applicationContext*.xml'], testInstance = edu.cmu.square.server.business.implementation.CategorizeRequirementsBusinessImplTest@18e862c, testMethod = testGetCategoriesWithCount@CategorizeRequirementsBusinessImplTest, testException = [null]]]
]]></system-out>
  <system-err><![CDATA[143 [main] INFO org.hibernate.cfg.annotations.Version - Hibernate Annotations 3.4.0.GA
161 [main] INFO org.hibernate.cfg.Environment - Hibernate 3.3.1.GA
167 [main] INFO org.hibernate.cfg.Environment - hibernate.properties not found
172 [main] INFO org.hibernate.cfg.Environment - Bytecode provider name : javassist
178 [main] INFO org.hibernate.cfg.Environment - using JDK 1.4 java.sql.Timestamp handling
283 [main] INFO org.hibernate.annotations.common.Version - Hibernate Commons Annotations 3.1.0.GA
463 [main] INFO org.hibernate.cfg.AnnotationBinder - Binding entity from annotated class: edu.cmu.square.server.dao.model.Artifact
530 [main] INFO org.hibernate.cfg.annotations.EntityBinder - Bind entity edu.cmu.square.server.dao.model.Artifact on table artifact
722 [main] INFO org.hibernate.cfg.AnnotationBinder - Binding entity from annotated class: edu.cmu.square.server.dao.model.Asset
722 [main] INFO org.hibernate.cfg.annotations.EntityBinder - Bind entity edu.cmu.square.server.dao.model.Asset on table asset
729 [main] INFO org.hibernate.cfg.AnnotationBinder - Binding entity from annotated class: edu.cmu.square.server.dao.model.Category
729 [main] INFO org.hibernate.cfg.annotations.EntityBinder - Bind entity edu.cmu.square.server.dao.model.Category on table category
734 [main] INFO org.hibernate.cfg.AnnotationBinder - Binding entity from annotated class: edu.cmu.square.server.dao.model.EvaluationCriteria
734 [main] INFO org.hibernate.cfg.annotations.EntityBinder - Bind entity edu.cmu.square.server.dao.model.EvaluationCriteria on table evaluation_criteria
738 [main] INFO org.hibernate.cfg.AnnotationBinder - Binding entity from annotated class: edu.cmu.square.server.dao.model.Goal
738 [main] INFO org.hibernate.cfg.annotations.EntityBinder - Bind entity edu.cmu.square.server.dao.model.Goal on table goal
753 [main] INFO org.hibernate.cfg.AnnotationBinder - Binding entity from annotated class: edu.cmu.square.server.dao.model.GoalType
753 [main] INFO org.hibernate.cfg.annotations.EntityBinder - Bind entity edu.cmu.square.server.dao.model.GoalType on table goal_type
763 [main] INFO org.hibernate.cfg.AnnotationBinder - Binding entity from annotated class: edu.cmu.square.server.dao.model.InspectionTechnique
764 [main] INFO org.hibernate.cfg.annotations.EntityBinder - Bind entity edu.cmu.square.server.dao.model.InspectionTechnique on table inspection_technique
833 [main] INFO org.hibernate.cfg.AnnotationBinder - Binding entity from annotated class: edu.cmu.square.server.dao.model.Project
834 [main] INFO org.hibernate.cfg.annotations.EntityBinder - Bind entity edu.cmu.square.server.dao.model.Project on table project
870 [main] INFO org.hibernate.cfg.AnnotationBinder - Binding entity from annotated class: edu.cmu.square.server.dao.model.ProjectStep
870 [main] INFO org.hibernate.cfg.annotations.EntityBinder - Bind entity edu.cmu.square.server.dao.model.ProjectStep on table project_step
890 [main] INFO org.hibernate.cfg.AnnotationBinder - Binding entity from annotated class: edu.cmu.square.server.dao.model.Requirement
890 [main] INFO org.hibernate.cfg.annotations.EntityBinder - Bind entity edu.cmu.square.server.dao.model.Requirement on table requirement
906 [main] INFO org.hibernate.cfg.AnnotationBinder - Binding entity from annotated class: edu.cmu.square.server.dao.model.Risk
906 [main] INFO org.hibernate.cfg.annotations.EntityBinder - Bind entity edu.cmu.square.server.dao.model.Risk on table risk
917 [main] INFO org.hibernate.cfg.AnnotationBinder - Binding entity from annotated class: edu.cmu.square.server.dao.model.Role
917 [main] INFO org.hibernate.cfg.annotations.EntityBinder - Bind entity edu.cmu.square.server.dao.model.Role on table role
922 [main] INFO org.hibernate.cfg.AnnotationBinder - Binding entity from annotated class: edu.cmu.square.server.dao.model.Step
922 [main] INFO org.hibernate.cfg.annotations.EntityBinder - Bind entity edu.cmu.square.server.dao.model.Step on table step
926 [main] INFO org.hibernate.cfg.AnnotationBinder - Binding entity from annotated class: edu.cmu.square.server.dao.model.Technique
927 [main] INFO org.hibernate.cfg.annotations.EntityBinder - Bind entity edu.cmu.square.server.dao.model.Technique on table technique
931 [main] INFO org.hibernate.cfg.AnnotationBinder - Binding entity from annotated class: edu.cmu.square.server.dao.model.TechniqueEvaluationCriteria
968 [main] INFO org.hibernate.cfg.annotations.EntityBinder - Bind entity edu.cmu.square.server.dao.model.TechniqueEvaluationCriteria on table technique_evaluation_criteria
972 [main] INFO org.hibernate.cfg.AnnotationBinder - Binding entity from annotated class: edu.cmu.square.server.dao.model.Term
972 [main] INFO org.hibernate.cfg.annotations.EntityBinder - Bind entity edu.cmu.square.server.dao.model.Term on table term
978 [main] INFO org.hibernate.cfg.AnnotationBinder - Binding entity from annotated class: edu.cmu.square.server.dao.model.User
979 [main] INFO org.hibernate.cfg.annotations.EntityBinder - Bind entity edu.cmu.square.server.dao.model.User on table user
989 [main] INFO org.hibernate.cfg.AnnotationBinder - Binding entity from annotated class: edu.cmu.square.server.dao.model.UserAhp
989 [main] INFO org.hibernate.cfg.annotations.EntityBinder - Bind entity edu.cmu.square.server.dao.model.UserAhp on table user_ahp
1008 [main] INFO org.hibernate.cfg.AnnotationBinder - Binding entity from annotated class: edu.cmu.square.server.dao.model.UserProjectRole
1008 [main] INFO org.hibernate.cfg.annotations.EntityBinder - Bind entity edu.cmu.square.server.dao.model.UserProjectRole on table user_project_role
1286 [main] INFO org.hibernate.cfg.annotations.CollectionBinder - Mapping collection: edu.cmu.square.server.dao.model.GoalType.goals -> goal
1287 [main] INFO org.hibernate.cfg.annotations.CollectionBinder - Mapping collection: edu.cmu.square.server.dao.model.Project.artifacts -> artifact
1287 [main] INFO org.hibernate.cfg.annotations.CollectionBinder - Mapping collection: edu.cmu.square.server.dao.model.Project.assets -> asset
1287 [main] INFO org.hibernate.cfg.annotations.CollectionBinder - Mapping collection: edu.cmu.square.server.dao.model.Project.categories -> category
1287 [main] INFO org.hibernate.cfg.annotations.CollectionBinder - Mapping collection: edu.cmu.square.server.dao.model.Project.goals -> goal
1287 [main] INFO org.hibernate.cfg.annotations.CollectionBinder - Mapping collection: edu.cmu.square.server.dao.model.Project.inspectionTechniques -> inspection_technique
1287 [main] INFO org.hibernate.cfg.annotations.CollectionBinder - Mapping collection: edu.cmu.square.server.dao.model.Project.requirements -> requirement
1288 [main] INFO org.hibernate.cfg.annotations.CollectionBinder - Mapping collection: edu.cmu.square.server.dao.model.Project.risks -> risk
1288 [main] INFO org.hibernate.cfg.annotations.CollectionBinder - Mapping collection: edu.cmu.square.server.dao.model.Project.techniqueEvaluations -> evaluation_criteria
1288 [main] INFO org.hibernate.cfg.annotations.CollectionBinder - Mapping collection: edu.cmu.square.server.dao.model.Project.techniques -> technique
1288 [main] INFO org.hibernate.cfg.annotations.CollectionBinder - Mapping collection: edu.cmu.square.server.dao.model.Project.terms -> term
1288 [main] INFO org.hibernate.cfg.annotations.CollectionBinder - Mapping collection: edu.cmu.square.server.dao.model.Requirement.userAhpsForRidA -> user_ahp
1289 [main] INFO org.hibernate.cfg.annotations.CollectionBinder - Mapping collection: edu.cmu.square.server.dao.model.Requirement.userAhpsForRidB -> user_ahp
1289 [main] INFO org.hibernate.cfg.annotations.CollectionBinder - Mapping collection: edu.cmu.square.server.dao.model.Step.projectSteps -> project_step
1290 [main] INFO org.hibernate.cfg.annotations.CollectionBinder - Mapping collection: edu.cmu.square.server.dao.model.User.userAhps -> user_ahp
1300 [main] INFO org.hibernate.cfg.AnnotationConfiguration - Hibernate Validator not found: ignoring
1335 [main] INFO org.hibernate.cfg.search.HibernateSearchEventListenerRegister - Unable to find org.hibernate.search.event.FullTextIndexEventListener on the classpath. Hibernate Search is not enabled.
1396 [main] INFO org.hibernate.connection.ConnectionProviderFactory - Initializing connection provider: org.springframework.orm.hibernate3.LocalDataSourceConnectionProvider
7579 [main] INFO org.hibernate.cfg.SettingsFactory - RDBMS: MySQL, version: 5.0.67-community-nt
7579 [main] INFO org.hibernate.cfg.SettingsFactory - JDBC driver: MySQL-AB JDBC Driver, version: mysql-connector-java-5.1.7 ( Revision: ${svn.Revision} )
7622 [main] INFO org.hibernate.dialect.Dialect - Using dialect: org.hibernate.dialect.MySQL5InnoDBDialect
7630 [main] INFO org.hibernate.transaction.TransactionFactoryFactory - Transaction strategy: org.springframework.orm.hibernate3.SpringTransactionFactory
7632 [main] INFO org.hibernate.transaction.TransactionManagerLookupFactory - No TransactionManagerLookup configured (in JTA environment, use of read-write or transactional second-level cache is not recommended)
7632 [main] INFO org.hibernate.cfg.SettingsFactory - Automatic flush during beforeCompletion(): disabled
7632 [main] INFO org.hibernate.cfg.SettingsFactory - Automatic session close at end of transaction: disabled
7632 [main] INFO org.hibernate.cfg.SettingsFactory - JDBC batch size: 15
7632 [main] INFO org.hibernate.cfg.SettingsFactory - JDBC batch updates for versioned data: disabled
7633 [main] INFO org.hibernate.cfg.SettingsFactory - Scrollable result sets: enabled
7633 [main] INFO org.hibernate.cfg.SettingsFactory - JDBC3 getGeneratedKeys(): enabled
7633 [main] INFO org.hibernate.cfg.SettingsFactory - Connection release mode: auto
7635 [main] INFO org.hibernate.cfg.SettingsFactory - Maximum outer join fetch depth: 2
7635 [main] INFO org.hibernate.cfg.SettingsFactory - Default batch fetch size: 1
7635 [main] INFO org.hibernate.cfg.SettingsFactory - Generate SQL with comments: disabled
7635 [main] INFO org.hibernate.cfg.SettingsFactory - Order SQL updates by primary key: disabled
7635 [main] INFO org.hibernate.cfg.SettingsFactory - Order SQL inserts for batching: disabled
7635 [main] INFO org.hibernate.cfg.SettingsFactory - Query translator: org.hibernate.hql.ast.ASTQueryTranslatorFactory
7639 [main] INFO org.hibernate.hql.ast.ASTQueryTranslatorFactory - Using ASTQueryTranslatorFactory
7639 [main] INFO org.hibernate.cfg.SettingsFactory - Query language substitutions: {}
7640 [main] INFO org.hibernate.cfg.SettingsFactory - JPA-QL strict compliance: disabled
7640 [main] INFO org.hibernate.cfg.SettingsFactory - Second-level cache: enabled
7640 [main] INFO org.hibernate.cfg.SettingsFactory - Query cache: disabled
7640 [main] INFO org.hibernate.cfg.SettingsFactory - Cache region factory : org.hibernate.cache.impl.NoCachingRegionFactory
7640 [main] INFO org.hibernate.cfg.SettingsFactory - Optimize cache for minimal puts: disabled
7640 [main] INFO org.hibernate.cfg.SettingsFactory - Structured second-level cache entries: disabled
7651 [main] INFO org.hibernate.cfg.SettingsFactory - Echoing all SQL to stdout
7652 [main] INFO org.hibernate.cfg.SettingsFactory - Statistics: disabled
7652 [main] INFO org.hibernate.cfg.SettingsFactory - Deleted entity synthetic identifier rollback: disabled
7652 [main] INFO org.hibernate.cfg.SettingsFactory - Default entity-mode: pojo
7652 [main] INFO org.hibernate.cfg.SettingsFactory - Named query checking : enabled
7733 [main] INFO org.hibernate.impl.SessionFactoryImpl - building session factory
8641 [main] INFO org.hibernate.impl.SessionFactoryObjectFactory - Not binding factory to JNDI, no JNDI name configured
]]></system-err>
</testsuite>
