<?xml version="1.0" encoding="UTF-8" ?>
<testsuite errors="0" failures="0" hostname="ashahab-PC" name="edu.cmu.square.server.business.implementation.CombinationGeneratorTest" tests="1" time="0.515" timestamp="2009-09-05T14:38:35">
  <properties>
[...]
</properties>
  <testcase classname="edu.cmu.square.server.business.implementation.CombinationGeneratorTest" name="testCombinationGenerator" time="0.017"></testcase>
  <system-out><![CDATA[ INFO [main] (CombinationGeneratorTest.java:22) - ab
 INFO [main] (CombinationGeneratorTest.java:22) - ac
 INFO [main] (CombinationGeneratorTest.java:22) - ad
 INFO [main] (CombinationGeneratorTest.java:22) - bc
 INFO [main] (CombinationGeneratorTest.java:22) - bd
 INFO [main] (CombinationGeneratorTest.java:22) - cd
]]></system-out>
  <system-err><![CDATA[]]></system-err>
</testsuite>
